INFO:werkzeug:[31m[1mWARNING: This is a development server. Do not use it in a production deployment. Use a production WSGI server instead.[0m
 * Running on all addresses (0.0.0.0)
 * Running on http://127.0.0.1:33507
 * Running on http://127.0.0.1:33507
INFO:werkzeug:[33mPress CTRL+C to quit[0m
INFO:werkzeug: * Restarting with watchdog (windowsapi)
WARNING:werkzeug: * Debugger is active!
INFO:werkzeug: * Debugger PIN: 458-566-380
INFO:werkzeug:127.0.0.1 - - [17/Sep/2022 12:43:41] "GET / HTTP/1.1" 200 -
INFO:werkzeug:127.0.0.1 - - [17/Sep/2022 12:43:41] "[33mGET /favicon.ico HTTP/1.1[0m" 404 -
INFO:werkzeug:127.0.0.1 - - [17/Sep/2022 12:49:54] "GET / HTTP/1.1" 200 -
INFO:werkzeug:127.0.0.1 - - [17/Sep/2022 12:51:43] "[31m[1mPOST / HTTP/1.1[0m" 405 -
DEBUG:urllib3.connectionpool:Starting new HTTPS connection (1): api.cohere.ai:443
INFO:werkzeug: * Detected change in 'C:\\Python39\\Lib\\site-packages\\flask\\app.py', reloading
INFO:werkzeug: * Restarting with watchdog (windowsapi)
WARNING:werkzeug: * Debugger is active!
INFO:werkzeug: * Debugger PIN: 458-566-380
DEBUG:urllib3.connectionpool:Starting new HTTPS connection (1): api.cohere.ai:443
INFO:werkzeug: * Detected change in 'C:\\Python39\\Lib\\site-packages\\requests\\api.py', reloading
INFO:werkzeug: * Restarting with watchdog (windowsapi)
WARNING:werkzeug: * Debugger is active!
INFO:werkzeug: * Debugger PIN: 458-566-380
INFO:werkzeug:127.0.0.1 - - [17/Sep/2022 12:53:53] "[35m[1mGET /jdentities HTTP/1.1[0m" 500 -
DEBUG:urllib3.connectionpool:Starting new HTTPS connection (1): api.cohere.ai:443
INFO:werkzeug: * Detected change in 'C:\\Python39\\Lib\\site-packages\\requests\\sessions.py', reloading
INFO:werkzeug: * Detected change in 'C:\\Python39\\Lib\\site-packages\\requests\\adapters.py', reloading
INFO:werkzeug: * Restarting with watchdog (windowsapi)
WARNING:werkzeug: * Debugger is active!
INFO:werkzeug: * Debugger PIN: 458-566-380
INFO:werkzeug: * Detected change in 'C:\\Python39\\Lib\\site-packages\\cohere\\__init__.py', reloading
INFO:werkzeug: * Detected change in 'C:\\Python39\\Lib\\site-packages\\cohere\\generation.py', reloading
INFO:werkzeug: * Detected change in 'C:\\Python39\\Lib\\site-packages\\cohere\\response.py', reloading
INFO:werkzeug: * Restarting with watchdog (windowsapi)
WARNING:werkzeug: * Debugger is active!
INFO:werkzeug: * Debugger PIN: 458-566-380
INFO:werkzeug: * Detected change in 'C:\\Users\\User\\Desktop\\Prompt-Engineering\\scripts\\entity_extraction_api.py', reloading
INFO:werkzeug: * Detected change in 'C:\\Users\\User\\Desktop\\Prompt-Engineering\\scripts\\entity_extraction_api.py', reloading
INFO:werkzeug: * Detected change in 'C:\\Users\\User\\Desktop\\Prompt-Engineering\\scripts\\entity_extraction_api.py', reloading
INFO:werkzeug: * Detected change in 'C:\\Users\\User\\Desktop\\Prompt-Engineering\\scripts\\entity_extraction_api.py', reloading
INFO:werkzeug: * Detected change in 'C:\\Users\\User\\Desktop\\Prompt-Engineering\\scripts\\entity_extraction_api.py', reloading
INFO:werkzeug: * Detected change in 'C:\\Users\\User\\Desktop\\Prompt-Engineering\\scripts\\entity_extraction_api.py', reloading
INFO:werkzeug: * Restarting with watchdog (windowsapi)
WARNING:werkzeug: * Debugger is active!
INFO:werkzeug: * Debugger PIN: 458-566-380
INFO:werkzeug:127.0.0.1 - - [17/Sep/2022 12:56:59] "GET /jdentities HTTP/1.1" 200 -
DEBUG:urllib3.connectionpool:Starting new HTTPS connection (1): api.cohere.ai:443
DEBUG:urllib3.connectionpool:https://api.cohere.ai:443 "POST /check-api-key HTTP/1.1" 200 14
DEBUG:urllib3.connectionpool:Starting new HTTPS connection (1): api.cohere.ai:443
DEBUG:urllib3.connectionpool:https://api.cohere.ai:443 "POST /generate HTTP/1.1" 200 None
INFO:werkzeug:127.0.0.1 - - [17/Sep/2022 12:59:24] "[35m[1mPOST /jdentities HTTP/1.1[0m" 500 -
INFO:werkzeug: * Detected change in 'C:\\Users\\User\\Desktop\\Prompt-Engineering\\scripts\\entity_extraction_api.py', reloading
INFO:werkzeug: * Detected change in 'C:\\Users\\User\\Desktop\\Prompt-Engineering\\scripts\\entity_extraction_api.py', reloading
INFO:werkzeug: * Detected change in 'C:\\Users\\User\\Desktop\\Prompt-Engineering\\scripts\\entity_extraction_api.py', reloading
INFO:werkzeug: * Detected change in 'C:\\Users\\User\\Desktop\\Prompt-Engineering\\scripts\\entity_extraction_api.py', reloading
INFO:werkzeug: * Detected change in 'C:\\Users\\User\\Desktop\\Prompt-Engineering\\scripts\\entity_extraction_api.py', reloading
INFO:werkzeug: * Detected change in 'C:\\Users\\User\\Desktop\\Prompt-Engineering\\scripts\\entity_extraction_api.py', reloading
INFO:werkzeug: * Restarting with watchdog (windowsapi)
WARNING:werkzeug: * Debugger is active!
INFO:werkzeug: * Debugger PIN: 458-566-380
DEBUG:urllib3.connectionpool:Starting new HTTPS connection (1): api.cohere.ai:443
DEBUG:urllib3.connectionpool:https://api.cohere.ai:443 "POST /check-api-key HTTP/1.1" 200 14
DEBUG:urllib3.connectionpool:Starting new HTTPS connection (1): api.cohere.ai:443
DEBUG:urllib3.connectionpool:https://api.cohere.ai:443 "POST /generate HTTP/1.1" 200 None
INFO:werkzeug:127.0.0.1 - - [17/Sep/2022 13:02:03] "POST /jdentities HTTP/1.1" 200 -
INFO:werkzeug: * Detected change in 'C:\\Users\\User\\Desktop\\Prompt-Engineering\\scripts\\entity_extraction_api.py', reloading
INFO:werkzeug: * Detected change in 'C:\\Users\\User\\Desktop\\Prompt-Engineering\\scripts\\entity_extraction_api.py', reloading
INFO:werkzeug: * Detected change in 'C:\\Users\\User\\Desktop\\Prompt-Engineering\\scripts\\entity_extraction_api.py', reloading
INFO:werkzeug: * Detected change in 'C:\\Users\\User\\Desktop\\Prompt-Engineering\\scripts\\entity_extraction_api.py', reloading
INFO:werkzeug: * Detected change in 'C:\\Users\\User\\Desktop\\Prompt-Engineering\\scripts\\entity_extraction_api.py', reloading
INFO:werkzeug: * Detected change in 'C:\\Users\\User\\Desktop\\Prompt-Engineering\\scripts\\entity_extraction_api.py', reloading
INFO:werkzeug: * Restarting with watchdog (windowsapi)
WARNING:werkzeug: * Debugger is active!
INFO:werkzeug: * Debugger PIN: 458-566-380
DEBUG:urllib3.connectionpool:Starting new HTTPS connection (1): api.cohere.ai:443
DEBUG:urllib3.connectionpool:https://api.cohere.ai:443 "POST /check-api-key HTTP/1.1" 200 14
DEBUG:urllib3.connectionpool:Starting new HTTPS connection (1): api.cohere.ai:443
DEBUG:urllib3.connectionpool:https://api.cohere.ai:443 "POST /generate HTTP/1.1" 200 None
INFO:werkzeug:127.0.0.1 - - [17/Sep/2022 13:03:25] "POST /jdentities HTTP/1.1" 200 -
INFO:werkzeug: * Detected change in 'C:\\Users\\User\\Desktop\\Prompt-Engineering\\scripts\\entity_extraction_api.py', reloading
INFO:werkzeug: * Detected change in 'C:\\Users\\User\\Desktop\\Prompt-Engineering\\scripts\\entity_extraction_api.py', reloading
INFO:werkzeug: * Detected change in 'C:\\Users\\User\\Desktop\\Prompt-Engineering\\scripts\\entity_extraction_api.py', reloading
INFO:werkzeug: * Detected change in 'C:\\Users\\User\\Desktop\\Prompt-Engineering\\scripts\\entity_extraction_api.py', reloading
INFO:werkzeug: * Detected change in 'C:\\Users\\User\\Desktop\\Prompt-Engineering\\scripts\\entity_extraction_api.py', reloading
INFO:werkzeug: * Detected change in 'C:\\Users\\User\\Desktop\\Prompt-Engineering\\scripts\\entity_extraction_api.py', reloading
INFO:werkzeug: * Restarting with watchdog (windowsapi)
WARNING:werkzeug: * Debugger is active!
INFO:werkzeug: * Debugger PIN: 458-566-380
DEBUG:urllib3.connectionpool:Starting new HTTPS connection (1): api.cohere.ai:443
DEBUG:urllib3.connectionpool:https://api.cohere.ai:443 "POST /check-api-key HTTP/1.1" 200 14
DEBUG:urllib3.connectionpool:Starting new HTTPS connection (1): api.cohere.ai:443
DEBUG:urllib3.connectionpool:https://api.cohere.ai:443 "POST /generate HTTP/1.1" 200 None
INFO:werkzeug:127.0.0.1 - - [17/Sep/2022 13:04:19] "POST /jdentities HTTP/1.1" 200 -
INFO:werkzeug:127.0.0.1 - - [17/Sep/2022 13:06:30] "GET /jdentities HTTP/1.1" 200 -
INFO:werkzeug: * Detected change in 'C:\\Python39\\Lib\\site-packages\\sklearn\\pipeline.py', reloading
INFO:werkzeug: * Restarting with watchdog (windowsapi)
WARNING:werkzeug: * Debugger is active!
INFO:werkzeug: * Debugger PIN: 458-566-380
INFO:werkzeug: * Detected change in 'C:\\Python39\\Lib\\site-packages\\sklearn\\utils\\__init__.py', reloading
INFO:werkzeug: * Restarting with watchdog (windowsapi)
WARNING:werkzeug: * Debugger is active!
INFO:werkzeug: * Debugger PIN: 458-566-380
DEBUG:urllib3.connectionpool:Starting new HTTPS connection (1): api.cohere.ai:443
DEBUG:urllib3.connectionpool:https://api.cohere.ai:443 "POST /check-api-key HTTP/1.1" 200 14
DEBUG:urllib3.connectionpool:Starting new HTTPS connection (1): api.cohere.ai:443
DEBUG:urllib3.connectionpool:https://api.cohere.ai:443 "POST /generate HTTP/1.1" 200 None
INFO:werkzeug: * Detected change in 'C:\\Users\\User\\Desktop\\Prompt-Engineering\\scripts\\preprocessor.py', reloading
INFO:werkzeug: * Detected change in 'C:\\Users\\User\\Desktop\\Prompt-Engineering\\scripts\\preprocessor.py', reloading
INFO:werkzeug: * Restarting with watchdog (windowsapi)
WARNING:werkzeug: * Debugger is active!
INFO:werkzeug: * Debugger PIN: 458-566-380
DEBUG:urllib3.connectionpool:Starting new HTTPS connection (1): api.cohere.ai:443
DEBUG:urllib3.connectionpool:https://api.cohere.ai:443 "POST /check-api-key HTTP/1.1" 200 14
DEBUG:urllib3.connectionpool:Starting new HTTPS connection (1): api.cohere.ai:443
DEBUG:urllib3.connectionpool:https://api.cohere.ai:443 "POST /generate HTTP/1.1" 200 None
DEBUG:urllib3.connectionpool:Starting new HTTPS connection (1): api.cohere.ai:443
DEBUG:urllib3.connectionpool:https://api.cohere.ai:443 "POST /check-api-key HTTP/1.1" 200 14
DEBUG:urllib3.connectionpool:Starting new HTTPS connection (1): api.cohere.ai:443
DEBUG:urllib3.connectionpool:https://api.cohere.ai:443 "POST /generate HTTP/1.1" 200 None
INFO:werkzeug: * Detected change in 'C:\\Users\\User\\Desktop\\Prompt-Engineering\\scripts\\preprocessor.py', reloading
INFO:werkzeug: * Detected change in 'C:\\Users\\User\\Desktop\\Prompt-Engineering\\scripts\\preprocessor.py', reloading
INFO:werkzeug: * Detected change in 'C:\\Users\\User\\Desktop\\Prompt-Engineering\\scripts\\preprocessor.py', reloading
INFO:werkzeug: * Detected change in 'C:\\Users\\User\\Desktop\\Prompt-Engineering\\scripts\\preprocessor.py', reloading
INFO:werkzeug: * Detected change in 'C:\\Users\\User\\Desktop\\Prompt-Engineering\\scripts\\preprocessor.py', reloading
INFO:werkzeug: * Detected change in 'C:\\Users\\User\\Desktop\\Prompt-Engineering\\scripts\\preprocessor.py', reloading
INFO:werkzeug: * Restarting with watchdog (windowsapi)
WARNING:werkzeug: * Debugger is active!
INFO:werkzeug: * Debugger PIN: 458-566-380
INFO:werkzeug: * Detected change in 'C:\\Python39\\Lib\\site-packages\\traitlets\\traitlets.py', reloading
INFO:werkzeug: * Restarting with watchdog (windowsapi)
WARNING:werkzeug: * Debugger is active!
INFO:werkzeug: * Debugger PIN: 458-566-380
INFO:werkzeug: * Detected change in 'C:\\Python39\\Lib\\site-packages\\pkg_resources\\_vendor\\pyparsing.py', reloading
INFO:werkzeug: * Restarting with watchdog (windowsapi)
WARNING:werkzeug: * Debugger is active!
INFO:werkzeug: * Debugger PIN: 458-566-380
DEBUG:urllib3.connectionpool:Starting new HTTPS connection (1): api.cohere.ai:443
DEBUG:urllib3.connectionpool:https://api.cohere.ai:443 "POST /check-api-key HTTP/1.1" 200 14
DEBUG:urllib3.connectionpool:Starting new HTTPS connection (1): api.cohere.ai:443
DEBUG:urllib3.connectionpool:https://api.cohere.ai:443 "POST /generate HTTP/1.1" 200 None
INFO:werkzeug: * Detected change in 'C:\\Users\\User\\Desktop\\Prompt-Engineering\\scripts\\preprocessor.py', reloading
INFO:werkzeug: * Detected change in 'C:\\Users\\User\\Desktop\\Prompt-Engineering\\scripts\\preprocessor.py', reloading
INFO:werkzeug: * Detected change in 'C:\\Users\\User\\Desktop\\Prompt-Engineering\\scripts\\preprocessor.py', reloading
INFO:werkzeug: * Detected change in 'C:\\Users\\User\\Desktop\\Prompt-Engineering\\scripts\\preprocessor.py', reloading
INFO:werkzeug: * Detected change in 'C:\\Users\\User\\Desktop\\Prompt-Engineering\\scripts\\preprocessor.py', reloading
INFO:werkzeug: * Detected change in 'C:\\Users\\User\\Desktop\\Prompt-Engineering\\scripts\\preprocessor.py', reloading
INFO:werkzeug: * Restarting with watchdog (windowsapi)
WARNING:werkzeug: * Debugger is active!
INFO:werkzeug: * Debugger PIN: 458-566-380
INFO:werkzeug: * Detected change in 'C:\\Users\\User\\Desktop\\Prompt-Engineering\\scripts\\preprocessor.py', reloading
INFO:werkzeug: * Detected change in 'C:\\Users\\User\\Desktop\\Prompt-Engineering\\scripts\\preprocessor.py', reloading
INFO:werkzeug: * Detected change in 'C:\\Users\\User\\Desktop\\Prompt-Engineering\\scripts\\preprocessor.py', reloading
INFO:werkzeug: * Detected change in 'C:\\Users\\User\\Desktop\\Prompt-Engineering\\scripts\\preprocessor.py', reloading
INFO:werkzeug: * Detected change in 'C:\\Users\\User\\Desktop\\Prompt-Engineering\\scripts\\preprocessor.py', reloading
INFO:werkzeug: * Detected change in 'C:\\Users\\User\\Desktop\\Prompt-Engineering\\scripts\\preprocessor.py', reloading
INFO:werkzeug: * Restarting with watchdog (windowsapi)
WARNING:werkzeug: * Debugger is active!
INFO:werkzeug: * Debugger PIN: 458-566-380
INFO:werkzeug: * Detected change in 'C:\\Users\\User\\Desktop\\Prompt-Engineering\\scripts\\preprocessor.py', reloading
INFO:werkzeug: * Detected change in 'C:\\Users\\User\\Desktop\\Prompt-Engineering\\scripts\\preprocessor.py', reloading
INFO:werkzeug: * Detected change in 'C:\\Users\\User\\Desktop\\Prompt-Engineering\\scripts\\preprocessor.py', reloading
INFO:werkzeug: * Detected change in 'C:\\Users\\User\\Desktop\\Prompt-Engineering\\scripts\\preprocessor.py', reloading
INFO:werkzeug: * Detected change in 'C:\\Users\\User\\Desktop\\Prompt-Engineering\\scripts\\preprocessor.py', reloading
INFO:werkzeug: * Detected change in 'C:\\Users\\User\\Desktop\\Prompt-Engineering\\scripts\\preprocessor.py', reloading
INFO:werkzeug: * Restarting with watchdog (windowsapi)
INFO:werkzeug:[31m[1mWARNING: This is a development server. Do not use it in a production deployment. Use a production WSGI server instead.[0m
 * Running on all addresses (0.0.0.0)
 * Running on http://127.0.0.1:33507
 * Running on http://192.168.206.228:33507
INFO:werkzeug:[33mPress CTRL+C to quit[0m
INFO:werkzeug: * Restarting with watchdog (windowsapi)
WARNING:werkzeug: * Debugger is active!
INFO:werkzeug: * Debugger PIN: 458-566-380
INFO:werkzeug: * Detected change in 'C:\\Users\\User\\Desktop\\Prompt-Engineering\\scripts\\preprocessor.py', reloading
INFO:werkzeug: * Detected change in 'C:\\Users\\User\\Desktop\\Prompt-Engineering\\scripts\\preprocessor.py', reloading
INFO:werkzeug: * Detected change in 'C:\\Users\\User\\Desktop\\Prompt-Engineering\\scripts\\preprocessor.py', reloading
INFO:werkzeug: * Detected change in 'C:\\Users\\User\\Desktop\\Prompt-Engineering\\scripts\\preprocessor.py', reloading
INFO:werkzeug: * Detected change in 'C:\\Users\\User\\Desktop\\Prompt-Engineering\\scripts\\preprocessor.py', reloading
INFO:werkzeug: * Detected change in 'C:\\Users\\User\\Desktop\\Prompt-Engineering\\scripts\\preprocessor.py', reloading
INFO:werkzeug: * Restarting with watchdog (windowsapi)
WARNING:werkzeug: * Debugger is active!
INFO:werkzeug: * Debugger PIN: 458-566-380
INFO:werkzeug: * Detected change in 'C:\\Users\\User\\Desktop\\Prompt-Engineering\\scripts\\preprocessor.py', reloading
INFO:werkzeug: * Detected change in 'C:\\Users\\User\\Desktop\\Prompt-Engineering\\scripts\\preprocessor.py', reloading
INFO:werkzeug: * Detected change in 'C:\\Users\\User\\Desktop\\Prompt-Engineering\\scripts\\preprocessor.py', reloading
INFO:werkzeug: * Detected change in 'C:\\Users\\User\\Desktop\\Prompt-Engineering\\scripts\\preprocessor.py', reloading
INFO:werkzeug: * Detected change in 'C:\\Users\\User\\Desktop\\Prompt-Engineering\\scripts\\preprocessor.py', reloading
INFO:werkzeug: * Restarting with watchdog (windowsapi)
WARNING:werkzeug: * Debugger is active!
INFO:werkzeug: * Debugger PIN: 458-566-380
INFO:werkzeug: * Detected change in 'C:\\Users\\User\\Desktop\\Prompt-Engineering\\scripts\\preprocessor.py', reloading
INFO:werkzeug: * Detected change in 'C:\\Users\\User\\Desktop\\Prompt-Engineering\\scripts\\preprocessor.py', reloading
INFO:werkzeug: * Detected change in 'C:\\Users\\User\\Desktop\\Prompt-Engineering\\scripts\\preprocessor.py', reloading
INFO:werkzeug: * Detected change in 'C:\\Users\\User\\Desktop\\Prompt-Engineering\\scripts\\preprocessor.py', reloading
INFO:werkzeug: * Detected change in 'C:\\Users\\User\\Desktop\\Prompt-Engineering\\scripts\\preprocessor.py', reloading
INFO:werkzeug: * Restarting with watchdog (windowsapi)
WARNING:werkzeug: * Debugger is active!
INFO:werkzeug: * Debugger PIN: 458-566-380
INFO:werkzeug: * Detected change in 'C:\\Users\\User\\Desktop\\Prompt-Engineering\\scripts\\preprocessor.py', reloading
INFO:werkzeug: * Detected change in 'C:\\Users\\User\\Desktop\\Prompt-Engineering\\scripts\\preprocessor.py', reloading
INFO:werkzeug: * Detected change in 'C:\\Users\\User\\Desktop\\Prompt-Engineering\\scripts\\preprocessor.py', reloading
INFO:werkzeug: * Detected change in 'C:\\Users\\User\\Desktop\\Prompt-Engineering\\scripts\\preprocessor.py', reloading
INFO:werkzeug: * Detected change in 'C:\\Users\\User\\Desktop\\Prompt-Engineering\\scripts\\preprocessor.py', reloading
INFO:werkzeug: * Detected change in 'C:\\Users\\User\\Desktop\\Prompt-Engineering\\scripts\\preprocessor.py', reloading
INFO:werkzeug: * Restarting with watchdog (windowsapi)
WARNING:werkzeug: * Debugger is active!
INFO:werkzeug: * Debugger PIN: 458-566-380
INFO:werkzeug:127.0.0.1 - - [17/Sep/2022 13:34:43] "GET /jdentities HTTP/1.1" 200 -
DEBUG:urllib3.connectionpool:Starting new HTTPS connection (1): api.cohere.ai:443
DEBUG:urllib3.connectionpool:https://api.cohere.ai:443 "POST /check-api-key HTTP/1.1" 200 14
DEBUG:urllib3.connectionpool:Starting new HTTPS connection (1): api.cohere.ai:443
DEBUG:urllib3.connectionpool:https://api.cohere.ai:443 "POST /generate HTTP/1.1" 400 171
INFO:werkzeug:127.0.0.1 - - [17/Sep/2022 13:35:07] "[35m[1mPOST /jdentities HTTP/1.1[0m" 500 -
INFO:werkzeug: * Detected change in 'C:\\Users\\User\\Desktop\\Prompt-Engineering\\scripts\\entity_extraction_api.py', reloading
INFO:werkzeug: * Detected change in 'C:\\Users\\User\\Desktop\\Prompt-Engineering\\scripts\\entity_extraction_api.py', reloading
INFO:werkzeug: * Detected change in 'C:\\Users\\User\\Desktop\\Prompt-Engineering\\scripts\\entity_extraction_api.py', reloading
INFO:werkzeug: * Detected change in 'C:\\Users\\User\\Desktop\\Prompt-Engineering\\scripts\\entity_extraction_api.py', reloading
INFO:werkzeug: * Detected change in 'C:\\Users\\User\\Desktop\\Prompt-Engineering\\scripts\\entity_extraction_api.py', reloading
INFO:werkzeug: * Detected change in 'C:\\Users\\User\\Desktop\\Prompt-Engineering\\scripts\\entity_extraction_api.py', reloading
INFO:werkzeug: * Restarting with watchdog (windowsapi)
WARNING:werkzeug: * Debugger is active!
INFO:werkzeug: * Debugger PIN: 458-566-380
INFO:werkzeug:127.0.0.1 - - [17/Sep/2022 13:36:23] "[35m[1mPOST /jdentities HTTP/1.1[0m" 500 -
INFO:werkzeug: * Detected change in 'C:\\Users\\User\\Desktop\\Prompt-Engineering\\scripts\\entity_extraction_api.py', reloading
INFO:werkzeug: * Detected change in 'C:\\Users\\User\\Desktop\\Prompt-Engineering\\scripts\\entity_extraction_api.py', reloading
INFO:werkzeug: * Detected change in 'C:\\Users\\User\\Desktop\\Prompt-Engineering\\scripts\\entity_extraction_api.py', reloading
INFO:werkzeug: * Detected change in 'C:\\Users\\User\\Desktop\\Prompt-Engineering\\scripts\\entity_extraction_api.py', reloading
INFO:werkzeug: * Detected change in 'C:\\Users\\User\\Desktop\\Prompt-Engineering\\scripts\\entity_extraction_api.py', reloading
INFO:werkzeug: * Detected change in 'C:\\Users\\User\\Desktop\\Prompt-Engineering\\scripts\\entity_extraction_api.py', reloading
INFO:werkzeug: * Restarting with watchdog (windowsapi)
WARNING:werkzeug: * Debugger is active!
INFO:werkzeug: * Debugger PIN: 458-566-380
DEBUG:urllib3.connectionpool:Starting new HTTPS connection (1): api.cohere.ai:443
DEBUG:urllib3.connectionpool:https://api.cohere.ai:443 "POST /check-api-key HTTP/1.1" 200 14
DEBUG:urllib3.connectionpool:Starting new HTTPS connection (1): api.cohere.ai:443
DEBUG:urllib3.connectionpool:https://api.cohere.ai:443 "POST /generate HTTP/1.1" 200 None
INFO:werkzeug:127.0.0.1 - - [17/Sep/2022 13:37:06] "POST /jdentities HTTP/1.1" 200 -
INFO:werkzeug: * Detected change in 'C:\\Users\\User\\Desktop\\Prompt-Engineering\\scripts\\news_score_api.py', reloading
INFO:werkzeug: * Detected change in 'C:\\Users\\User\\Desktop\\Prompt-Engineering\\scripts\\news_score_api.py', reloading
INFO:werkzeug: * Restarting with watchdog (windowsapi)
WARNING:werkzeug: * Debugger is active!
INFO:werkzeug: * Debugger PIN: 458-566-380
INFO:werkzeug: * Detected change in 'C:\\Python39\\Lib\\site-packages\\dvc\\repo\\plots\\__init__.py', reloading
INFO:werkzeug: * Detected change in 'C:\\Python39\\Lib\\site-packages\\dvc\\repo\\stage.py', reloading
INFO:werkzeug: * Detected change in 'C:\\Python39\\Lib\\site-packages\\dvc\\stage\\cache.py', reloading
INFO:werkzeug: * Detected change in 'C:\\Python39\\Lib\\site-packages\\dvc_data\\hashfile\\state.py', reloading
INFO:werkzeug: * Detected change in 'C:\\Python39\\Lib\\site-packages\\dvc\\external_repo.py', reloading
INFO:werkzeug: * Detected change in 'C:\\Python39\\Lib\\site-packages\\dvc_data\\db\\__init__.py', reloading
INFO:werkzeug: * Detected change in 'C:\\Python39\\Lib\\site-packages\\dvc\\config_schema.py', reloading
INFO:werkzeug: * Detected change in 'C:\\Python39\\Lib\\site-packages\\dvc_objects\\fs\\__init__.py', reloading
INFO:werkzeug: * Detected change in 'C:\\Python39\\Lib\\site-packages\\dvc_data\\hashfile\\db.py', reloading
INFO:werkzeug: * Detected change in 'C:\\Python39\\Lib\\site-packages\\dvc_data\\db\\local.py', reloading
INFO:werkzeug: * Detected change in 'C:\\Python39\\Lib\\site-packages\\dvc_objects\\db.py', reloading
INFO:werkzeug: * Detected change in 'C:\\Python39\\Lib\\site-packages\\dvc_objects\\fs\\base.py', reloading
INFO:werkzeug: * Detected change in 'C:\\Python39\\Lib\\site-packages\\dvc_objects\\fs\\path.py', reloading
INFO:werkzeug: * Detected change in 'C:\\Python39\\Lib\\site-packages\\dvc_objects\\fs\\scheme.py', reloading
INFO:werkzeug: * Detected change in 'C:\\Python39\\Lib\\site-packages\\dvc_objects\\fs\\local.py', reloading
INFO:werkzeug: * Detected change in 'C:\\Python39\\Lib\\site-packages\\dvc_data\\hashfile\\_ignore.py', reloading
INFO:werkzeug: * Detected change in 'C:\\Python39\\Lib\\site-packages\\dvc_data\\hashfile\\cache.py', reloading
INFO:werkzeug: * Detected change in 'C:\\Python39\\Lib\\site-packages\\dvc\\fs\\git.py', reloading
INFO:werkzeug: * Detected change in 'C:\\Python39\\Lib\\site-packages\\voluptuous\\__init__.py', reloading
INFO:werkzeug: * Detected change in 'C:\\Python39\\Lib\\site-packages\\voluptuous\\schema_builder.py', reloading
INFO:werkzeug: * Detected change in 'C:\\Python39\\Lib\\site-packages\\voluptuous\\validators.py', reloading
INFO:werkzeug: * Detected change in 'C:\\Python39\\Lib\\site-packages\\voluptuous\\util.py', reloading
INFO:werkzeug: * Detected change in 'C:\\Python39\\Lib\\site-packages\\voluptuous\\error.py', reloading
INFO:werkzeug: * Detected change in 'C:\\Python39\\Lib\\site-packages\\dvc\\types.py', reloading
INFO:werkzeug: * Detected change in 'C:\\Python39\\Lib\\site-packages\\configobj.py', reloading
INFO:werkzeug: * Detected change in 'C:\\Python39\\Lib\\site-packages\\scmrepo\\base.py', reloading
INFO:werkzeug: * Detected change in 'C:\\Python39\\Lib\\site-packages\\scmrepo\\git\\__init__.py', reloading
INFO:werkzeug: * Detected change in 'C:\\Python39\\Lib\\site-packages\\scmrepo\\noscm.py', reloading
INFO:werkzeug: * Detected change in 'C:\\Python39\\Lib\\site-packages\\scmrepo\\git\\objects.py', reloading
INFO:werkzeug: * Detected change in 'C:\\Python39\\Lib\\site-packages\\diskcache\\__init__.py', reloading
INFO:werkzeug: * Detected change in 'C:\\Python39\\Lib\\site-packages\\diskcache\\core.py', reloading
INFO:werkzeug: * Restarting with watchdog (windowsapi)
WARNING:werkzeug: * Debugger is active!
INFO:werkzeug: * Debugger PIN: 458-566-380
INFO:werkzeug: * Detected change in 'C:\\Users\\User\\Desktop\\Prompt-Engineering\\scripts\\entity_extraction_api.py', reloading
INFO:werkzeug: * Detected change in 'C:\\Users\\User\\Desktop\\Prompt-Engineering\\scripts\\entity_extraction_api.py', reloading
INFO:werkzeug: * Detected change in 'C:\\Users\\User\\Desktop\\Prompt-Engineering\\scripts\\entity_extraction_api.py', reloading
INFO:werkzeug: * Detected change in 'C:\\Users\\User\\Desktop\\Prompt-Engineering\\scripts\\entity_extraction_api.py', reloading
INFO:werkzeug: * Detected change in 'C:\\Users\\User\\Desktop\\Prompt-Engineering\\scripts\\entity_extraction_api.py', reloading
INFO:werkzeug: * Detected change in 'C:\\Users\\User\\Desktop\\Prompt-Engineering\\scripts\\entity_extraction_api.py', reloading
INFO:werkzeug: * Restarting with watchdog (windowsapi)
WARNING:werkzeug: * Debugger is active!
INFO:werkzeug: * Debugger PIN: 458-566-380
INFO:werkzeug: * Detected change in 'C:\\Users\\User\\Desktop\\Prompt-Engineering\\scripts\\cohere_entity_extraction.py', reloading
INFO:werkzeug: * Detected change in 'C:\\Users\\User\\Desktop\\Prompt-Engineering\\scripts\\cohere_entity_extraction.py', reloading
INFO:werkzeug: * Detected change in 'C:\\Users\\User\\Desktop\\Prompt-Engineering\\scripts\\cohere_entity_extraction.py', reloading
INFO:werkzeug: * Detected change in 'C:\\Users\\User\\Desktop\\Prompt-Engineering\\scripts\\cohere_entity_extraction.py', reloading
INFO:werkzeug: * Restarting with watchdog (windowsapi)
INFO:numexpr.utils:NumExpr defaulting to 4 threads.
WARNING:werkzeug: * Debugger is active!
INFO:werkzeug: * Debugger PIN: 458-566-380
INFO:werkzeug: * Detected change in 'C:\\Users\\User\\Desktop\\Prompt-Engineering\\scripts\\entity_extraction_api.py', reloading
INFO:werkzeug: * Detected change in 'C:\\Users\\User\\Desktop\\Prompt-Engineering\\scripts\\entity_extraction_api.py', reloading
INFO:werkzeug: * Detected change in 'C:\\Users\\User\\Desktop\\Prompt-Engineering\\scripts\\entity_extraction_api.py', reloading
INFO:werkzeug: * Detected change in 'C:\\Users\\User\\Desktop\\Prompt-Engineering\\scripts\\entity_extraction_api.py', reloading
INFO:werkzeug: * Detected change in 'C:\\Users\\User\\Desktop\\Prompt-Engineering\\scripts\\entity_extraction_api.py', reloading
INFO:werkzeug: * Detected change in 'C:\\Users\\User\\Desktop\\Prompt-Engineering\\scripts\\entity_extraction_api.py', reloading
INFO:werkzeug: * Restarting with watchdog (windowsapi)
INFO:numexpr.utils:NumExpr defaulting to 4 threads.
WARNING:werkzeug: * Debugger is active!
INFO:werkzeug: * Debugger PIN: 458-566-380
INFO:werkzeug: * Detected change in 'C:\\Python39\\Lib\\site-packages\\sklearn\\ensemble\\__init__.py', reloading
INFO:werkzeug: * Detected change in 'C:\\Python39\\Lib\\site-packages\\sklearn\\ensemble\\_forest.py', reloading
INFO:werkzeug: * Restarting with watchdog (windowsapi)
INFO:numexpr.utils:NumExpr defaulting to 4 threads.
WARNING:werkzeug: * Debugger is active!
INFO:werkzeug: * Debugger PIN: 458-566-380
INFO:werkzeug: * Detected change in 'C:\\Python39\\Lib\\site-packages\\mlflow\\pipelines\\__init__.py', reloading
INFO:werkzeug: * Detected change in 'C:\\Python39\\Lib\\site-packages\\mlflow\\client.py', reloading
INFO:werkzeug: * Detected change in 'C:\\Python39\\Lib\\site-packages\\mlflow\\utils\\logging_utils.py', reloading
INFO:werkzeug: * Detected change in 'C:\\Python39\\Lib\\site-packages\\mlflow\\entities\\__init__.py', reloading
INFO:werkzeug: * Detected change in 'C:\\Python39\\Lib\\site-packages\\mlflow\\entities\\experiment.py', reloading
INFO:werkzeug: * Detected change in 'C:\\Python39\\Lib\\site-packages\\mlflow\\entities\\_mlflow_object.py', reloading
INFO:werkzeug: * Detected change in 'C:\\Python39\\Lib\\site-packages\\mlflow\\entities\\run_status.py', reloading
INFO:werkzeug: * Detected change in 'C:\\Python39\\Lib\\site-packages\\mlflow\\protos\\service_pb2.py', reloading
INFO:werkzeug: * Restarting with watchdog (windowsapi)
INFO:numexpr.utils:NumExpr defaulting to 4 threads.
WARNING:werkzeug: * Debugger is active!
INFO:werkzeug: * Debugger PIN: 458-566-380
INFO:werkzeug: * Detected change in 'C:\\Users\\User\\Desktop\\Prompt-Engineering\\scripts\\cohere_news_score.py', reloading
INFO:werkzeug: * Detected change in 'C:\\Users\\User\\Desktop\\Prompt-Engineering\\scripts\\cohere_news_score.py', reloading
INFO:werkzeug: * Detected change in 'C:\\Users\\User\\Desktop\\Prompt-Engineering\\scripts\\cohere_news_score.py', reloading
INFO:werkzeug: * Detected change in 'C:\\Users\\User\\Desktop\\Prompt-Engineering\\scripts\\cohere_news_score.py', reloading
INFO:werkzeug: * Detected change in 'C:\\Users\\User\\Desktop\\Prompt-Engineering\\scripts\\cohere_news_score.py', reloading
INFO:werkzeug: * Detected change in 'C:\\Users\\User\\Desktop\\Prompt-Engineering\\scripts\\cohere_news_score.py', reloading
INFO:werkzeug: * Restarting with watchdog (windowsapi)
INFO:numexpr.utils:NumExpr defaulting to 4 threads.
WARNING:werkzeug: * Debugger is active!
INFO:werkzeug: * Debugger PIN: 458-566-380
INFO:werkzeug: * Detected change in 'C:\\Python39\\Lib\\site-packages\\numpy\\__init__.py', reloading
INFO:werkzeug: * Restarting with watchdog (windowsapi)
INFO:numexpr.utils:NumExpr defaulting to 4 threads.
WARNING:werkzeug: * Debugger is active!
INFO:werkzeug: * Debugger PIN: 458-566-380
INFO:werkzeug: * Detected change in 'C:\\Users\\User\\Desktop\\Prompt-Engineering\\scripts\\data_fetch.py', reloading
INFO:werkzeug: * Detected change in 'C:\\Users\\User\\Desktop\\Prompt-Engineering\\scripts\\data_fetch.py', reloading
INFO:werkzeug: * Restarting with watchdog (windowsapi)
INFO:numexpr.utils:NumExpr defaulting to 4 threads.
WARNING:werkzeug: * Debugger is active!
INFO:werkzeug: * Debugger PIN: 458-566-380
INFO:werkzeug: * Detected change in 'C:\\Users\\User\\Desktop\\Prompt-Engineering\\scripts\\news_score_api.py', reloading
INFO:werkzeug: * Detected change in 'C:\\Users\\User\\Desktop\\Prompt-Engineering\\scripts\\news_score_api.py', reloading
INFO:werkzeug: * Detected change in 'C:\\Users\\User\\Desktop\\Prompt-Engineering\\scripts\\news_score_api.py', reloading
INFO:werkzeug: * Detected change in 'C:\\Users\\User\\Desktop\\Prompt-Engineering\\scripts\\news_score_api.py', reloading
INFO:werkzeug: * Restarting with watchdog (windowsapi)
INFO:numexpr.utils:NumExpr defaulting to 4 threads.
WARNING:werkzeug: * Debugger is active!
INFO:werkzeug: * Debugger PIN: 458-566-380
INFO:werkzeug: * Detected change in 'C:\\Python39\\Lib\\site-packages\\sklearn\\model_selection\\__init__.py', reloading
INFO:werkzeug: * Detected change in 'C:\\Python39\\Lib\\site-packages\\sklearn\\model_selection\\_split.py', reloading
INFO:werkzeug: * Detected change in 'C:\\Python39\\Lib\\site-packages\\sklearn\\svm\\__init__.py', reloading
INFO:werkzeug: * Restarting with watchdog (windowsapi)
INFO:numexpr.utils:NumExpr defaulting to 4 threads.
WARNING:werkzeug: * Debugger is active!
INFO:werkzeug: * Debugger PIN: 458-566-380
INFO:werkzeug: * Detected change in 'C:\\Python39\\Lib\\site-packages\\pip\\_vendor\\pyparsing.py', reloading
INFO:werkzeug: * Restarting with watchdog (windowsapi)
INFO:numexpr.utils:NumExpr defaulting to 4 threads.
WARNING:werkzeug: * Debugger is active!
INFO:werkzeug: * Debugger PIN: 458-566-380
INFO:werkzeug: * Detected change in 'C:\\Users\\User\\Desktop\\Prompt-Engineering\\scripts\\cohere_news_score.py', reloading
INFO:werkzeug: * Detected change in 'C:\\Users\\User\\Desktop\\Prompt-Engineering\\scripts\\cohere_news_score.py', reloading
INFO:werkzeug: * Detected change in 'C:\\Users\\User\\Desktop\\Prompt-Engineering\\scripts\\cohere_news_score.py', reloading
INFO:werkzeug: * Detected change in 'C:\\Users\\User\\Desktop\\Prompt-Engineering\\scripts\\cohere_news_score.py', reloading
INFO:werkzeug: * Detected change in 'C:\\Users\\User\\Desktop\\Prompt-Engineering\\scripts\\cohere_news_score.py', reloading
INFO:werkzeug: * Detected change in 'C:\\Users\\User\\Desktop\\Prompt-Engineering\\scripts\\cohere_news_score.py', reloading
INFO:werkzeug: * Restarting with watchdog (windowsapi)
INFO:numexpr.utils:NumExpr defaulting to 4 threads.
WARNING:werkzeug: * Debugger is active!
INFO:werkzeug: * Debugger PIN: 458-566-380
INFO:werkzeug: * Detected change in 'C:\\Python39\\Lib\\site-packages\\pandas\\core\\frame.py', reloading
INFO:werkzeug: * Restarting with watchdog (windowsapi)
INFO:numexpr.utils:NumExpr defaulting to 4 threads.
WARNING:werkzeug: * Debugger is active!
INFO:werkzeug: * Debugger PIN: 458-566-380
INFO:werkzeug: * Detected change in 'C:\\Python39\\Lib\\site-packages\\pandas\\core\\arraylike.py', reloading
INFO:werkzeug: * Detected change in 'C:\\Python39\\Lib\\site-packages\\pandas\\core\\generic.py', reloading
INFO:werkzeug: * Restarting with watchdog (windowsapi)
INFO:numexpr.utils:NumExpr defaulting to 4 threads.
WARNING:werkzeug: * Debugger is active!
INFO:werkzeug: * Debugger PIN: 458-566-380
INFO:werkzeug: * Detected change in 'C:\\Python39\\Lib\\site-packages\\pandas\\__init__.py', reloading
INFO:werkzeug: * Restarting with watchdog (windowsapi)
INFO:numexpr.utils:NumExpr defaulting to 4 threads.
WARNING:werkzeug: * Debugger is active!
INFO:werkzeug: * Debugger PIN: 458-566-380
INFO:werkzeug: * Detected change in 'C:\\Users\\User\\Desktop\\Prompt-Engineering\\scripts\\news_score_api.py', reloading
INFO:werkzeug: * Detected change in 'C:\\Users\\User\\Desktop\\Prompt-Engineering\\scripts\\news_score_api.py', reloading
INFO:werkzeug: * Detected change in 'C:\\Users\\User\\Desktop\\Prompt-Engineering\\scripts\\news_score_api.py', reloading
INFO:werkzeug: * Detected change in 'C:\\Users\\User\\Desktop\\Prompt-Engineering\\scripts\\news_score_api.py', reloading
INFO:werkzeug: * Restarting with watchdog (windowsapi)
INFO:numexpr.utils:NumExpr defaulting to 4 threads.
WARNING:werkzeug: * Debugger is active!
INFO:werkzeug: * Debugger PIN: 458-566-380
INFO:werkzeug: * Detected change in 'C:\\Python39\\Lib\\site-packages\\threadpoolctl.py', reloading
INFO:werkzeug: * Restarting with watchdog (windowsapi)
INFO:numexpr.utils:NumExpr defaulting to 4 threads.
WARNING:werkzeug: * Debugger is active!
INFO:werkzeug: * Debugger PIN: 458-566-380
INFO:werkzeug:[31m[1mWARNING: This is a development server. Do not use it in a production deployment. Use a production WSGI server instead.[0m
 * Running on all addresses (0.0.0.0)
 * Running on http://127.0.0.1:33507
 * Running on http://192.168.206.228:33507
INFO:werkzeug:[33mPress CTRL+C to quit[0m
INFO:werkzeug: * Restarting with watchdog (windowsapi)
WARNING:werkzeug: * Debugger is active!
INFO:werkzeug: * Debugger PIN: 458-566-380
INFO:werkzeug:127.0.0.1 - - [17/Sep/2022 14:43:44] "GET / HTTP/1.1" 200 -
INFO:werkzeug: * Detected change in 'C:\\Python39\\Lib\\site-packages\\pandas\\core\\internals\\construction.py', reloading
INFO:werkzeug:127.0.0.1 - - [17/Sep/2022 14:49:47] "[35m[1mPOST /bnewscore HTTP/1.1[0m" 500 -
INFO:werkzeug: * Restarting with watchdog (windowsapi)
WARNING:werkzeug: * Debugger is active!
INFO:werkzeug: * Debugger PIN: 458-566-380
INFO:werkzeug: * Detected change in 'C:\\Users\\User\\Desktop\\Prompt-Engineering\\scripts\\news_score_api.py', reloading
INFO:werkzeug: * Detected change in 'C:\\Users\\User\\Desktop\\Prompt-Engineering\\scripts\\news_score_api.py', reloading
INFO:werkzeug: * Detected change in 'C:\\Users\\User\\Desktop\\Prompt-Engineering\\scripts\\news_score_api.py', reloading
INFO:werkzeug: * Detected change in 'C:\\Users\\User\\Desktop\\Prompt-Engineering\\scripts\\news_score_api.py', reloading
INFO:werkzeug: * Detected change in 'C:\\Users\\User\\Desktop\\Prompt-Engineering\\scripts\\news_score_api.py', reloading
INFO:werkzeug: * Detected change in 'C:\\Users\\User\\Desktop\\Prompt-Engineering\\scripts\\news_score_api.py', reloading
INFO:werkzeug: * Restarting with watchdog (windowsapi)
WARNING:werkzeug: * Debugger is active!
INFO:werkzeug: * Debugger PIN: 458-566-380
INFO:werkzeug:127.0.0.1 - - [17/Sep/2022 14:51:56] "[35m[1mPOST /bnewscore HTTP/1.1[0m" 500 -
INFO:werkzeug: * Detected change in 'C:\\Python39\\Lib\\os.py', reloading
INFO:werkzeug: * Restarting with watchdog (windowsapi)
WARNING:werkzeug: * Debugger is active!
INFO:werkzeug: * Debugger PIN: 458-566-380
INFO:werkzeug: * Detected change in 'C:\\Users\\User\\Desktop\\Prompt-Engineering\\scripts\\news_score_api.py', reloading
INFO:werkzeug: * Detected change in 'C:\\Users\\User\\Desktop\\Prompt-Engineering\\scripts\\news_score_api.py', reloading
INFO:werkzeug: * Detected change in 'C:\\Users\\User\\Desktop\\Prompt-Engineering\\scripts\\news_score_api.py', reloading
INFO:werkzeug: * Detected change in 'C:\\Users\\User\\Desktop\\Prompt-Engineering\\scripts\\news_score_api.py', reloading
INFO:werkzeug: * Detected change in 'C:\\Users\\User\\Desktop\\Prompt-Engineering\\scripts\\news_score_api.py', reloading
INFO:werkzeug: * Detected change in 'C:\\Users\\User\\Desktop\\Prompt-Engineering\\scripts\\news_score_api.py', reloading
INFO:werkzeug: * Restarting with watchdog (windowsapi)
WARNING:werkzeug: * Debugger is active!
INFO:werkzeug: * Debugger PIN: 458-566-380
INFO:werkzeug:127.0.0.1 - - [17/Sep/2022 14:53:23] "[35m[1mPOST /bnewscore HTTP/1.1[0m" 500 -
INFO:werkzeug: * Detected change in 'C:\\Users\\User\\Desktop\\Prompt-Engineering\\scripts\\cohere_news_score.py', reloading
INFO:werkzeug: * Detected change in 'C:\\Users\\User\\Desktop\\Prompt-Engineering\\scripts\\cohere_news_score.py', reloading
INFO:werkzeug: * Detected change in 'C:\\Users\\User\\Desktop\\Prompt-Engineering\\scripts\\cohere_news_score.py', reloading
INFO:werkzeug: * Detected change in 'C:\\Users\\User\\Desktop\\Prompt-Engineering\\scripts\\cohere_news_score.py', reloading
INFO:werkzeug: * Detected change in 'C:\\Users\\User\\Desktop\\Prompt-Engineering\\scripts\\cohere_news_score.py', reloading
INFO:werkzeug: * Detected change in 'C:\\Users\\User\\Desktop\\Prompt-Engineering\\scripts\\cohere_news_score.py', reloading
INFO:werkzeug: * Restarting with watchdog (windowsapi)
WARNING:werkzeug: * Debugger is active!
INFO:werkzeug: * Debugger PIN: 458-566-380
DEBUG:urllib3.connectionpool:Starting new HTTPS connection (1): api.cohere.ai:443
DEBUG:urllib3.connectionpool:https://api.cohere.ai:443 "POST /check-api-key HTTP/1.1" 200 14
INFO:werkzeug: * Detected change in 'C:\\Python39\\Lib\\site-packages\\sklearn\\utils\\validation.py', reloading
INFO:werkzeug:127.0.0.1 - - [17/Sep/2022 14:54:18] "[35m[1mPOST /bnewscore HTTP/1.1[0m" 500 -
INFO:werkzeug: * Restarting with watchdog (windowsapi)
WARNING:werkzeug: * Debugger is active!
INFO:werkzeug: * Debugger PIN: 458-566-380
INFO:werkzeug: * Detected change in 'C:\\Users\\User\\AppData\\Roaming\\Python\\Python39\\site-packages\\IPython\\core\\interactiveshell.py', reloading
INFO:werkzeug: * Restarting with watchdog (windowsapi)
WARNING:werkzeug: * Debugger is active!
INFO:werkzeug: * Debugger PIN: 458-566-380
INFO:werkzeug: * Detected change in 'C:\\Python39\\Lib\\site-packages\\scipy\\sparse\\compressed.py', reloading
INFO:werkzeug: * Detected change in 'C:\\Python39\\Lib\\site-packages\\scipy\\sparse\\data.py', reloading
INFO:werkzeug: * Detected change in 'C:\\Python39\\Lib\\site-packages\\scipy\\sparse\\_index.py', reloading
INFO:werkzeug: * Restarting with watchdog (windowsapi)
WARNING:werkzeug: * Debugger is active!
INFO:werkzeug: * Debugger PIN: 458-566-380
INFO:werkzeug: * Detected change in 'C:\\Python39\\Lib\\site-packages\\cohere\\embeddings.py', reloading
INFO:werkzeug: * Restarting with watchdog (windowsapi)
WARNING:werkzeug: * Debugger is active!
INFO:werkzeug: * Debugger PIN: 458-566-380
INFO:werkzeug: * Detected change in 'C:\\Users\\User\\Desktop\\Prompt-Engineering\\scripts\\cohere_news_score.py', reloading
INFO:werkzeug: * Detected change in 'C:\\Users\\User\\Desktop\\Prompt-Engineering\\scripts\\cohere_news_score.py', reloading
INFO:werkzeug: * Detected change in 'C:\\Users\\User\\Desktop\\Prompt-Engineering\\scripts\\cohere_news_score.py', reloading
INFO:werkzeug: * Detected change in 'C:\\Users\\User\\Desktop\\Prompt-Engineering\\scripts\\cohere_news_score.py', reloading
INFO:werkzeug: * Detected change in 'C:\\Users\\User\\Desktop\\Prompt-Engineering\\scripts\\cohere_news_score.py', reloading
INFO:werkzeug: * Detected change in 'C:\\Users\\User\\Desktop\\Prompt-Engineering\\scripts\\cohere_news_score.py', reloading
INFO:werkzeug: * Restarting with watchdog (windowsapi)
WARNING:werkzeug: * Debugger is active!
INFO:werkzeug: * Debugger PIN: 458-566-380
INFO:werkzeug: * Detected change in 'C:\\Users\\User\\Desktop\\Prompt-Engineering\\scripts\\news_score_api.py', reloading
INFO:werkzeug: * Detected change in 'C:\\Users\\User\\Desktop\\Prompt-Engineering\\scripts\\news_score_api.py', reloading
INFO:werkzeug: * Detected change in 'C:\\Users\\User\\Desktop\\Prompt-Engineering\\scripts\\news_score_api.py', reloading
INFO:werkzeug: * Detected change in 'C:\\Users\\User\\Desktop\\Prompt-Engineering\\scripts\\news_score_api.py', reloading
INFO:werkzeug: * Detected change in 'C:\\Users\\User\\Desktop\\Prompt-Engineering\\scripts\\news_score_api.py', reloading
INFO:werkzeug: * Detected change in 'C:\\Users\\User\\Desktop\\Prompt-Engineering\\scripts\\news_score_api.py', reloading
INFO:werkzeug: * Restarting with watchdog (windowsapi)
WARNING:werkzeug: * Debugger is active!
INFO:werkzeug: * Debugger PIN: 458-566-380
DEBUG:urllib3.connectionpool:Starting new HTTPS connection (1): api.cohere.ai:443
DEBUG:urllib3.connectionpool:https://api.cohere.ai:443 "POST /check-api-key HTTP/1.1" 200 14
DEBUG:urllib3.connectionpool:Starting new HTTPS connection (1): api.cohere.ai:443
DEBUG:urllib3.connectionpool:https://api.cohere.ai:443 "POST /embed HTTP/1.1" 200 None
DEBUG:urllib3.connectionpool:Starting new HTTPS connection (1): api.cohere.ai:443
DEBUG:urllib3.connectionpool:https://api.cohere.ai:443 "POST /embed HTTP/1.1" 200 None
DEBUG:urllib3.connectionpool:Starting new HTTPS connection (1): api.cohere.ai:443
DEBUG:urllib3.connectionpool:Starting new HTTPS connection (1): api.cohere.ai:443
DEBUG:urllib3.connectionpool:Starting new HTTPS connection (1): api.cohere.ai:443
DEBUG:urllib3.connectionpool:Starting new HTTPS connection (1): api.cohere.ai:443
DEBUG:urllib3.connectionpool:Starting new HTTPS connection (1): api.cohere.ai:443
DEBUG:urllib3.connectionpool:Starting new HTTPS connection (1): api.cohere.ai:443
DEBUG:urllib3.connectionpool:Starting new HTTPS connection (1): api.cohere.ai:443
DEBUG:urllib3.connectionpool:Starting new HTTPS connection (1): api.cohere.ai:443
DEBUG:urllib3.connectionpool:https://api.cohere.ai:443 "POST /embed HTTP/1.1" 200 None
DEBUG:urllib3.connectionpool:https://api.cohere.ai:443 "POST /embed HTTP/1.1" 200 None
DEBUG:urllib3.connectionpool:https://api.cohere.ai:443 "POST /embed HTTP/1.1" 200 None
DEBUG:urllib3.connectionpool:https://api.cohere.ai:443 "POST /embed HTTP/1.1" 200 None
DEBUG:urllib3.connectionpool:https://api.cohere.ai:443 "POST /embed HTTP/1.1" 200 None
DEBUG:urllib3.connectionpool:https://api.cohere.ai:443 "POST /embed HTTP/1.1" 200 None
DEBUG:urllib3.connectionpool:https://api.cohere.ai:443 "POST /embed HTTP/1.1" 200 None
DEBUG:urllib3.connectionpool:https://api.cohere.ai:443 "POST /embed HTTP/1.1" 200 None
DEBUG:urllib3.connectionpool:Starting new HTTPS connection (1): api.cohere.ai:443
DEBUG:urllib3.connectionpool:Starting new HTTPS connection (1): api.cohere.ai:443
DEBUG:urllib3.connectionpool:https://api.cohere.ai:443 "POST /embed HTTP/1.1" 200 None
DEBUG:urllib3.connectionpool:https://api.cohere.ai:443 "POST /embed HTTP/1.1" 200 None
DEBUG:urllib3.connectionpool:Starting new HTTPS connection (1): api.cohere.ai:443
DEBUG:urllib3.connectionpool:Starting new HTTPS connection (1): api.cohere.ai:443
DEBUG:urllib3.connectionpool:Starting new HTTPS connection (1): api.cohere.ai:443
DEBUG:urllib3.connectionpool:Starting new HTTPS connection (1): api.cohere.ai:443
DEBUG:urllib3.connectionpool:Starting new HTTPS connection (1): api.cohere.ai:443
DEBUG:urllib3.connectionpool:Starting new HTTPS connection (1): api.cohere.ai:443
DEBUG:urllib3.connectionpool:https://api.cohere.ai:443 "POST /embed HTTP/1.1" 200 None
DEBUG:urllib3.connectionpool:https://api.cohere.ai:443 "POST /embed HTTP/1.1" 200 None
DEBUG:urllib3.connectionpool:Starting new HTTPS connection (1): api.cohere.ai:443
DEBUG:urllib3.connectionpool:https://api.cohere.ai:443 "POST /embed HTTP/1.1" 200 None
DEBUG:urllib3.connectionpool:https://api.cohere.ai:443 "POST /embed HTTP/1.1" 200 None
DEBUG:urllib3.connectionpool:https://api.cohere.ai:443 "POST /embed HTTP/1.1" 200 None
DEBUG:urllib3.connectionpool:Starting new HTTPS connection (1): api.cohere.ai:443
DEBUG:urllib3.connectionpool:https://api.cohere.ai:443 "POST /embed HTTP/1.1" 200 None
DEBUG:urllib3.connectionpool:https://api.cohere.ai:443 "POST /embed HTTP/1.1" 200 None
DEBUG:urllib3.connectionpool:Starting new HTTPS connection (1): api.cohere.ai:443
DEBUG:urllib3.connectionpool:https://api.cohere.ai:443 "POST /embed HTTP/1.1" 200 None
DEBUG:urllib3.connectionpool:https://api.cohere.ai:443 "POST /embed HTTP/1.1" 200 None
DEBUG:urllib3.connectionpool:Starting new HTTPS connection (1): api.cohere.ai:443
DEBUG:urllib3.connectionpool:Starting new HTTPS connection (1): api.cohere.ai:443
DEBUG:urllib3.connectionpool:https://api.cohere.ai:443 "POST /embed HTTP/1.1" 200 None
DEBUG:urllib3.connectionpool:Starting new HTTPS connection (1): api.cohere.ai:443
DEBUG:urllib3.connectionpool:Starting new HTTPS connection (1): api.cohere.ai:443
DEBUG:urllib3.connectionpool:Starting new HTTPS connection (1): api.cohere.ai:443
DEBUG:urllib3.connectionpool:https://api.cohere.ai:443 "POST /embed HTTP/1.1" 200 None
DEBUG:urllib3.connectionpool:https://api.cohere.ai:443 "POST /embed HTTP/1.1" 200 None
DEBUG:urllib3.connectionpool:Starting new HTTPS connection (1): api.cohere.ai:443
DEBUG:urllib3.connectionpool:https://api.cohere.ai:443 "POST /embed HTTP/1.1" 200 None
DEBUG:urllib3.connectionpool:https://api.cohere.ai:443 "POST /embed HTTP/1.1" 200 None
DEBUG:urllib3.connectionpool:Starting new HTTPS connection (1): api.cohere.ai:443
DEBUG:urllib3.connectionpool:Starting new HTTPS connection (1): api.cohere.ai:443
DEBUG:urllib3.connectionpool:https://api.cohere.ai:443 "POST /embed HTTP/1.1" 200 None
DEBUG:urllib3.connectionpool:Starting new HTTPS connection (1): api.cohere.ai:443
DEBUG:urllib3.connectionpool:https://api.cohere.ai:443 "POST /embed HTTP/1.1" 200 None
DEBUG:urllib3.connectionpool:Starting new HTTPS connection (1): api.cohere.ai:443
DEBUG:urllib3.connectionpool:https://api.cohere.ai:443 "POST /embed HTTP/1.1" 200 None
DEBUG:urllib3.connectionpool:https://api.cohere.ai:443 "POST /embed HTTP/1.1" 200 None
DEBUG:urllib3.connectionpool:Starting new HTTPS connection (1): api.cohere.ai:443
DEBUG:urllib3.connectionpool:Starting new HTTPS connection (1): api.cohere.ai:443
DEBUG:urllib3.connectionpool:Starting new HTTPS connection (1): api.cohere.ai:443
DEBUG:urllib3.connectionpool:https://api.cohere.ai:443 "POST /embed HTTP/1.1" 200 None
DEBUG:urllib3.connectionpool:Starting new HTTPS connection (1): api.cohere.ai:443
DEBUG:urllib3.connectionpool:https://api.cohere.ai:443 "POST /embed HTTP/1.1" 200 None
DEBUG:urllib3.connectionpool:https://api.cohere.ai:443 "POST /embed HTTP/1.1" 200 None
DEBUG:urllib3.connectionpool:https://api.cohere.ai:443 "POST /embed HTTP/1.1" 200 None
DEBUG:urllib3.connectionpool:Starting new HTTPS connection (1): api.cohere.ai:443
DEBUG:urllib3.connectionpool:Starting new HTTPS connection (1): api.cohere.ai:443
DEBUG:urllib3.connectionpool:https://api.cohere.ai:443 "POST /embed HTTP/1.1" 200 None
DEBUG:urllib3.connectionpool:https://api.cohere.ai:443 "POST /embed HTTP/1.1" 200 None
DEBUG:urllib3.connectionpool:https://api.cohere.ai:443 "POST /embed HTTP/1.1" 200 None
DEBUG:urllib3.connectionpool:Starting new HTTPS connection (1): api.cohere.ai:443
DEBUG:urllib3.connectionpool:Starting new HTTPS connection (1): api.cohere.ai:443
DEBUG:urllib3.connectionpool:Starting new HTTPS connection (1): api.cohere.ai:443
DEBUG:urllib3.connectionpool:Starting new HTTPS connection (1): api.cohere.ai:443
DEBUG:urllib3.connectionpool:https://api.cohere.ai:443 "POST /embed HTTP/1.1" 200 None
DEBUG:urllib3.connectionpool:Starting new HTTPS connection (1): api.cohere.ai:443
DEBUG:urllib3.connectionpool:https://api.cohere.ai:443 "POST /embed HTTP/1.1" 200 None
DEBUG:urllib3.connectionpool:https://api.cohere.ai:443 "POST /embed HTTP/1.1" 200 None
DEBUG:urllib3.connectionpool:https://api.cohere.ai:443 "POST /embed HTTP/1.1" 200 None
DEBUG:urllib3.connectionpool:https://api.cohere.ai:443 "POST /embed HTTP/1.1" 200 None
DEBUG:urllib3.connectionpool:Starting new HTTPS connection (1): api.cohere.ai:443
DEBUG:urllib3.connectionpool:Starting new HTTPS connection (1): api.cohere.ai:443
DEBUG:urllib3.connectionpool:Starting new HTTPS connection (1): api.cohere.ai:443
DEBUG:urllib3.connectionpool:https://api.cohere.ai:443 "POST /embed HTTP/1.1" 200 None
DEBUG:urllib3.connectionpool:https://api.cohere.ai:443 "POST /embed HTTP/1.1" 200 None
DEBUG:urllib3.connectionpool:Starting new HTTPS connection (1): api.cohere.ai:443
DEBUG:urllib3.connectionpool:https://api.cohere.ai:443 "POST /embed HTTP/1.1" 200 None
DEBUG:urllib3.connectionpool:https://api.cohere.ai:443 "POST /embed HTTP/1.1" 200 None
DEBUG:urllib3.connectionpool:Starting new HTTPS connection (1): api.cohere.ai:443
DEBUG:urllib3.connectionpool:Starting new HTTPS connection (1): api.cohere.ai:443
DEBUG:urllib3.connectionpool:https://api.cohere.ai:443 "POST /embed HTTP/1.1" 200 None
DEBUG:urllib3.connectionpool:Starting new HTTPS connection (1): api.cohere.ai:443
DEBUG:urllib3.connectionpool:Starting new HTTPS connection (1): api.cohere.ai:443
DEBUG:urllib3.connectionpool:Starting new HTTPS connection (1): api.cohere.ai:443
DEBUG:urllib3.connectionpool:https://api.cohere.ai:443 "POST /embed HTTP/1.1" 200 None
DEBUG:urllib3.connectionpool:https://api.cohere.ai:443 "POST /embed HTTP/1.1" 200 None
DEBUG:urllib3.connectionpool:Starting new HTTPS connection (1): api.cohere.ai:443
DEBUG:urllib3.connectionpool:https://api.cohere.ai:443 "POST /embed HTTP/1.1" 200 None
DEBUG:urllib3.connectionpool:https://api.cohere.ai:443 "POST /embed HTTP/1.1" 200 None
DEBUG:urllib3.connectionpool:Starting new HTTPS connection (1): api.cohere.ai:443
DEBUG:urllib3.connectionpool:https://api.cohere.ai:443 "POST /embed HTTP/1.1" 200 None
DEBUG:urllib3.connectionpool:https://api.cohere.ai:443 "POST /embed HTTP/1.1" 200 None
DEBUG:urllib3.connectionpool:Starting new HTTPS connection (1): api.cohere.ai:443
DEBUG:urllib3.connectionpool:Starting new HTTPS connection (1): api.cohere.ai:443
DEBUG:urllib3.connectionpool:Starting new HTTPS connection (1): api.cohere.ai:443
DEBUG:urllib3.connectionpool:https://api.cohere.ai:443 "POST /embed HTTP/1.1" 200 None
DEBUG:urllib3.connectionpool:https://api.cohere.ai:443 "POST /embed HTTP/1.1" 200 None
DEBUG:urllib3.connectionpool:Starting new HTTPS connection (1): api.cohere.ai:443
DEBUG:urllib3.connectionpool:https://api.cohere.ai:443 "POST /embed HTTP/1.1" 200 None
DEBUG:urllib3.connectionpool:Starting new HTTPS connection (1): api.cohere.ai:443
DEBUG:urllib3.connectionpool:Starting new HTTPS connection (1): api.cohere.ai:443
DEBUG:urllib3.connectionpool:https://api.cohere.ai:443 "POST /embed HTTP/1.1" 200 None
DEBUG:urllib3.connectionpool:https://api.cohere.ai:443 "POST /embed HTTP/1.1" 200 None
DEBUG:urllib3.connectionpool:Starting new HTTPS connection (1): api.cohere.ai:443
DEBUG:urllib3.connectionpool:https://api.cohere.ai:443 "POST /embed HTTP/1.1" 200 None
DEBUG:urllib3.connectionpool:Starting new HTTPS connection (1): api.cohere.ai:443
DEBUG:urllib3.connectionpool:Starting new HTTPS connection (1): api.cohere.ai:443
DEBUG:urllib3.connectionpool:Starting new HTTPS connection (1): api.cohere.ai:443
DEBUG:urllib3.connectionpool:https://api.cohere.ai:443 "POST /embed HTTP/1.1" 200 None
DEBUG:urllib3.connectionpool:https://api.cohere.ai:443 "POST /embed HTTP/1.1" 200 None
DEBUG:urllib3.connectionpool:Starting new HTTPS connection (1): api.cohere.ai:443
DEBUG:urllib3.connectionpool:https://api.cohere.ai:443 "POST /embed HTTP/1.1" 200 None
DEBUG:urllib3.connectionpool:https://api.cohere.ai:443 "POST /embed HTTP/1.1" 200 None
DEBUG:urllib3.connectionpool:Starting new HTTPS connection (1): api.cohere.ai:443
DEBUG:urllib3.connectionpool:https://api.cohere.ai:443 "POST /embed HTTP/1.1" 200 None
DEBUG:urllib3.connectionpool:Starting new HTTPS connection (1): api.cohere.ai:443
DEBUG:urllib3.connectionpool:https://api.cohere.ai:443 "POST /embed HTTP/1.1" 200 None
DEBUG:urllib3.connectionpool:Starting new HTTPS connection (1): api.cohere.ai:443
DEBUG:urllib3.connectionpool:https://api.cohere.ai:443 "POST /embed HTTP/1.1" 200 None
DEBUG:urllib3.connectionpool:https://api.cohere.ai:443 "POST /embed HTTP/1.1" 200 None
DEBUG:urllib3.connectionpool:Starting new HTTPS connection (1): api.cohere.ai:443
DEBUG:urllib3.connectionpool:Starting new HTTPS connection (1): api.cohere.ai:443
DEBUG:urllib3.connectionpool:https://api.cohere.ai:443 "POST /embed HTTP/1.1" 200 None
DEBUG:urllib3.connectionpool:Starting new HTTPS connection (1): api.cohere.ai:443
DEBUG:urllib3.connectionpool:Starting new HTTPS connection (1): api.cohere.ai:443
DEBUG:urllib3.connectionpool:Starting new HTTPS connection (1): api.cohere.ai:443
DEBUG:urllib3.connectionpool:https://api.cohere.ai:443 "POST /embed HTTP/1.1" 200 None
DEBUG:urllib3.connectionpool:https://api.cohere.ai:443 "POST /embed HTTP/1.1" 200 None
DEBUG:urllib3.connectionpool:https://api.cohere.ai:443 "POST /embed HTTP/1.1" 200 None
DEBUG:urllib3.connectionpool:https://api.cohere.ai:443 "POST /embed HTTP/1.1" 200 None
DEBUG:urllib3.connectionpool:Starting new HTTPS connection (1): api.cohere.ai:443
DEBUG:urllib3.connectionpool:Starting new HTTPS connection (1): api.cohere.ai:443
DEBUG:urllib3.connectionpool:Starting new HTTPS connection (1): api.cohere.ai:443
DEBUG:urllib3.connectionpool:https://api.cohere.ai:443 "POST /embed HTTP/1.1" 200 None
DEBUG:urllib3.connectionpool:https://api.cohere.ai:443 "POST /embed HTTP/1.1" 200 None
DEBUG:urllib3.connectionpool:https://api.cohere.ai:443 "POST /embed HTTP/1.1" 200 None
DEBUG:urllib3.connectionpool:Starting new HTTPS connection (1): api.cohere.ai:443
DEBUG:urllib3.connectionpool:Starting new HTTPS connection (1): api.cohere.ai:443
DEBUG:urllib3.connectionpool:Starting new HTTPS connection (1): api.cohere.ai:443
DEBUG:urllib3.connectionpool:Starting new HTTPS connection (1): api.cohere.ai:443
DEBUG:urllib3.connectionpool:https://api.cohere.ai:443 "POST /embed HTTP/1.1" 200 None
DEBUG:urllib3.connectionpool:https://api.cohere.ai:443 "POST /embed HTTP/1.1" 200 None
DEBUG:urllib3.connectionpool:Starting new HTTPS connection (1): api.cohere.ai:443
DEBUG:urllib3.connectionpool:https://api.cohere.ai:443 "POST /embed HTTP/1.1" 200 None
DEBUG:urllib3.connectionpool:https://api.cohere.ai:443 "POST /embed HTTP/1.1" 200 None
DEBUG:urllib3.connectionpool:Starting new HTTPS connection (1): api.cohere.ai:443
DEBUG:urllib3.connectionpool:https://api.cohere.ai:443 "POST /embed HTTP/1.1" 200 None
DEBUG:urllib3.connectionpool:Starting new HTTPS connection (1): api.cohere.ai:443
DEBUG:urllib3.connectionpool:Starting new HTTPS connection (1): api.cohere.ai:443
DEBUG:urllib3.connectionpool:https://api.cohere.ai:443 "POST /embed HTTP/1.1" 200 None
DEBUG:urllib3.connectionpool:https://api.cohere.ai:443 "POST /embed HTTP/1.1" 200 None
DEBUG:urllib3.connectionpool:https://api.cohere.ai:443 "POST /embed HTTP/1.1" 200 None
DEBUG:urllib3.connectionpool:Starting new HTTPS connection (1): api.cohere.ai:443
DEBUG:urllib3.connectionpool:Starting new HTTPS connection (1): api.cohere.ai:443
DEBUG:urllib3.connectionpool:Starting new HTTPS connection (1): api.cohere.ai:443
DEBUG:urllib3.connectionpool:Starting new HTTPS connection (1): api.cohere.ai:443
DEBUG:urllib3.connectionpool:Starting new HTTPS connection (1): api.cohere.ai:443
DEBUG:urllib3.connectionpool:Starting new HTTPS connection (1): api.cohere.ai:443
DEBUG:urllib3.connectionpool:Starting new HTTPS connection (1): api.cohere.ai:443
DEBUG:urllib3.connectionpool:Starting new HTTPS connection (1): api.cohere.ai:443
DEBUG:urllib3.connectionpool:Starting new HTTPS connection (1): api.cohere.ai:443
DEBUG:urllib3.connectionpool:https://api.cohere.ai:443 "POST /embed HTTP/1.1" 200 None
DEBUG:urllib3.connectionpool:https://api.cohere.ai:443 "POST /embed HTTP/1.1" 200 None
DEBUG:urllib3.connectionpool:Starting new HTTPS connection (1): api.cohere.ai:443
DEBUG:urllib3.connectionpool:https://api.cohere.ai:443 "POST /embed HTTP/1.1" 200 None
DEBUG:urllib3.connectionpool:https://api.cohere.ai:443 "POST /embed HTTP/1.1" 200 None
DEBUG:urllib3.connectionpool:https://api.cohere.ai:443 "POST /embed HTTP/1.1" 200 None
DEBUG:urllib3.connectionpool:https://api.cohere.ai:443 "POST /embed HTTP/1.1" 200 None
DEBUG:urllib3.connectionpool:https://api.cohere.ai:443 "POST /embed HTTP/1.1" 200 None
DEBUG:urllib3.connectionpool:https://api.cohere.ai:443 "POST /embed HTTP/1.1" 200 None
INFO:werkzeug: * Detected change in 'C:\\Python39\\Lib\\concurrent\\futures\\_base.py', reloading
INFO:werkzeug: * Restarting with watchdog (windowsapi)
WARNING:werkzeug: * Debugger is active!
INFO:werkzeug: * Debugger PIN: 458-566-380
INFO:werkzeug: * Detected change in 'C:\\Users\\User\\Desktop\\Prompt-Engineering\\scripts\\news_score_api.py', reloading
INFO:werkzeug: * Detected change in 'C:\\Users\\User\\Desktop\\Prompt-Engineering\\scripts\\news_score_api.py', reloading
INFO:werkzeug: * Detected change in 'C:\\Users\\User\\Desktop\\Prompt-Engineering\\scripts\\news_score_api.py', reloading
INFO:werkzeug: * Detected change in 'C:\\Users\\User\\Desktop\\Prompt-Engineering\\scripts\\news_score_api.py', reloading
INFO:werkzeug: * Detected change in 'C:\\Users\\User\\Desktop\\Prompt-Engineering\\scripts\\news_score_api.py', reloading
INFO:werkzeug: * Detected change in 'C:\\Users\\User\\Desktop\\Prompt-Engineering\\scripts\\news_score_api.py', reloading
INFO:werkzeug: * Restarting with watchdog (windowsapi)
WARNING:werkzeug: * Debugger is active!
INFO:werkzeug: * Debugger PIN: 458-566-380
DEBUG:urllib3.connectionpool:Starting new HTTPS connection (1): api.cohere.ai:443
DEBUG:urllib3.connectionpool:https://api.cohere.ai:443 "POST /check-api-key HTTP/1.1" 200 14
DEBUG:urllib3.connectionpool:Starting new HTTPS connection (1): api.cohere.ai:443
DEBUG:urllib3.connectionpool:https://api.cohere.ai:443 "POST /embed HTTP/1.1" 200 None
DEBUG:urllib3.connectionpool:Starting new HTTPS connection (1): api.cohere.ai:443
DEBUG:urllib3.connectionpool:https://api.cohere.ai:443 "POST /embed HTTP/1.1" 200 None
DEBUG:urllib3.connectionpool:Starting new HTTPS connection (1): api.cohere.ai:443
DEBUG:urllib3.connectionpool:Starting new HTTPS connection (1): api.cohere.ai:443
DEBUG:urllib3.connectionpool:Starting new HTTPS connection (1): api.cohere.ai:443
DEBUG:urllib3.connectionpool:Starting new HTTPS connection (1): api.cohere.ai:443
DEBUG:urllib3.connectionpool:Starting new HTTPS connection (1): api.cohere.ai:443
DEBUG:urllib3.connectionpool:Starting new HTTPS connection (1): api.cohere.ai:443
DEBUG:urllib3.connectionpool:Starting new HTTPS connection (1): api.cohere.ai:443
DEBUG:urllib3.connectionpool:Starting new HTTPS connection (1): api.cohere.ai:443
DEBUG:urllib3.connectionpool:https://api.cohere.ai:443 "POST /embed HTTP/1.1" 200 None
DEBUG:urllib3.connectionpool:https://api.cohere.ai:443 "POST /embed HTTP/1.1" 200 None
DEBUG:urllib3.connectionpool:https://api.cohere.ai:443 "POST /embed HTTP/1.1" 200 None
DEBUG:urllib3.connectionpool:https://api.cohere.ai:443 "POST /embed HTTP/1.1" 200 None
DEBUG:urllib3.connectionpool:https://api.cohere.ai:443 "POST /embed HTTP/1.1" 200 None
DEBUG:urllib3.connectionpool:https://api.cohere.ai:443 "POST /embed HTTP/1.1" 200 None
DEBUG:urllib3.connectionpool:https://api.cohere.ai:443 "POST /embed HTTP/1.1" 200 None
DEBUG:urllib3.connectionpool:Starting new HTTPS connection (1): api.cohere.ai:443
DEBUG:urllib3.connectionpool:https://api.cohere.ai:443 "POST /embed HTTP/1.1" 200 None
DEBUG:urllib3.connectionpool:Starting new HTTPS connection (1): api.cohere.ai:443
DEBUG:urllib3.connectionpool:https://api.cohere.ai:443 "POST /embed HTTP/1.1" 200 None
DEBUG:urllib3.connectionpool:Starting new HTTPS connection (1): api.cohere.ai:443
DEBUG:urllib3.connectionpool:Starting new HTTPS connection (1): api.cohere.ai:443
DEBUG:urllib3.connectionpool:https://api.cohere.ai:443 "POST /embed HTTP/1.1" 200 None
DEBUG:urllib3.connectionpool:Starting new HTTPS connection (1): api.cohere.ai:443
DEBUG:urllib3.connectionpool:https://api.cohere.ai:443 "POST /embed HTTP/1.1" 200 None
DEBUG:urllib3.connectionpool:https://api.cohere.ai:443 "POST /embed HTTP/1.1" 200 None
DEBUG:urllib3.connectionpool:https://api.cohere.ai:443 "POST /embed HTTP/1.1" 200 None
DEBUG:urllib3.connectionpool:Starting new HTTPS connection (1): api.cohere.ai:443
DEBUG:urllib3.connectionpool:Starting new HTTPS connection (1): api.cohere.ai:443
DEBUG:urllib3.connectionpool:Starting new HTTPS connection (1): api.cohere.ai:443
DEBUG:urllib3.connectionpool:Starting new HTTPS connection (1): api.cohere.ai:443
DEBUG:urllib3.connectionpool:Starting new HTTPS connection (1): api.cohere.ai:443
DEBUG:urllib3.connectionpool:Starting new HTTPS connection (1): api.cohere.ai:443
DEBUG:urllib3.connectionpool:https://api.cohere.ai:443 "POST /embed HTTP/1.1" 200 None
DEBUG:urllib3.connectionpool:https://api.cohere.ai:443 "POST /embed HTTP/1.1" 200 None
DEBUG:urllib3.connectionpool:https://api.cohere.ai:443 "POST /embed HTTP/1.1" 200 None
DEBUG:urllib3.connectionpool:https://api.cohere.ai:443 "POST /embed HTTP/1.1" 200 None
DEBUG:urllib3.connectionpool:Starting new HTTPS connection (1): api.cohere.ai:443
DEBUG:urllib3.connectionpool:Starting new HTTPS connection (1): api.cohere.ai:443
DEBUG:urllib3.connectionpool:https://api.cohere.ai:443 "POST /embed HTTP/1.1" 200 None
DEBUG:urllib3.connectionpool:Starting new HTTPS connection (1): api.cohere.ai:443
DEBUG:urllib3.connectionpool:https://api.cohere.ai:443 "POST /embed HTTP/1.1" 200 None
DEBUG:urllib3.connectionpool:https://api.cohere.ai:443 "POST /embed HTTP/1.1" 200 None
DEBUG:urllib3.connectionpool:https://api.cohere.ai:443 "POST /embed HTTP/1.1" 200 None
DEBUG:urllib3.connectionpool:Starting new HTTPS connection (1): api.cohere.ai:443
DEBUG:urllib3.connectionpool:Starting new HTTPS connection (1): api.cohere.ai:443
DEBUG:urllib3.connectionpool:Starting new HTTPS connection (1): api.cohere.ai:443
DEBUG:urllib3.connectionpool:Starting new HTTPS connection (1): api.cohere.ai:443
DEBUG:urllib3.connectionpool:https://api.cohere.ai:443 "POST /embed HTTP/1.1" 200 None
DEBUG:urllib3.connectionpool:Starting new HTTPS connection (1): api.cohere.ai:443
DEBUG:urllib3.connectionpool:https://api.cohere.ai:443 "POST /embed HTTP/1.1" 200 None
DEBUG:urllib3.connectionpool:Starting new HTTPS connection (1): api.cohere.ai:443
DEBUG:urllib3.connectionpool:Starting new HTTPS connection (1): api.cohere.ai:443
DEBUG:urllib3.connectionpool:https://api.cohere.ai:443 "POST /embed HTTP/1.1" 200 None
DEBUG:urllib3.connectionpool:https://api.cohere.ai:443 "POST /embed HTTP/1.1" 200 None
DEBUG:urllib3.connectionpool:https://api.cohere.ai:443 "POST /embed HTTP/1.1" 200 None
DEBUG:urllib3.connectionpool:Starting new HTTPS connection (1): api.cohere.ai:443
DEBUG:urllib3.connectionpool:Starting new HTTPS connection (1): api.cohere.ai:443
DEBUG:urllib3.connectionpool:https://api.cohere.ai:443 "POST /embed HTTP/1.1" 200 None
DEBUG:urllib3.connectionpool:Starting new HTTPS connection (1): api.cohere.ai:443
DEBUG:urllib3.connectionpool:https://api.cohere.ai:443 "POST /embed HTTP/1.1" 200 None
DEBUG:urllib3.connectionpool:Starting new HTTPS connection (1): api.cohere.ai:443
DEBUG:urllib3.connectionpool:https://api.cohere.ai:443 "POST /embed HTTP/1.1" 200 None
DEBUG:urllib3.connectionpool:Starting new HTTPS connection (1): api.cohere.ai:443
DEBUG:urllib3.connectionpool:Starting new HTTPS connection (1): api.cohere.ai:443
DEBUG:urllib3.connectionpool:https://api.cohere.ai:443 "POST /embed HTTP/1.1" 200 None
DEBUG:urllib3.connectionpool:https://api.cohere.ai:443 "POST /embed HTTP/1.1" 200 None
DEBUG:urllib3.connectionpool:Starting new HTTPS connection (1): api.cohere.ai:443
DEBUG:urllib3.connectionpool:https://api.cohere.ai:443 "POST /embed HTTP/1.1" 200 None
DEBUG:urllib3.connectionpool:https://api.cohere.ai:443 "POST /embed HTTP/1.1" 200 None
DEBUG:urllib3.connectionpool:Starting new HTTPS connection (1): api.cohere.ai:443
DEBUG:urllib3.connectionpool:https://api.cohere.ai:443 "POST /embed HTTP/1.1" 200 None
DEBUG:urllib3.connectionpool:https://api.cohere.ai:443 "POST /embed HTTP/1.1" 200 None
DEBUG:urllib3.connectionpool:Starting new HTTPS connection (1): api.cohere.ai:443
DEBUG:urllib3.connectionpool:https://api.cohere.ai:443 "POST /embed HTTP/1.1" 200 None
DEBUG:urllib3.connectionpool:https://api.cohere.ai:443 "POST /embed HTTP/1.1" 200 None
DEBUG:urllib3.connectionpool:Starting new HTTPS connection (1): api.cohere.ai:443
DEBUG:urllib3.connectionpool:Starting new HTTPS connection (1): api.cohere.ai:443
DEBUG:urllib3.connectionpool:Starting new HTTPS connection (1): api.cohere.ai:443
DEBUG:urllib3.connectionpool:https://api.cohere.ai:443 "POST /embed HTTP/1.1" 200 None
DEBUG:urllib3.connectionpool:https://api.cohere.ai:443 "POST /embed HTTP/1.1" 200 None
DEBUG:urllib3.connectionpool:Starting new HTTPS connection (1): api.cohere.ai:443
DEBUG:urllib3.connectionpool:Starting new HTTPS connection (1): api.cohere.ai:443
DEBUG:urllib3.connectionpool:https://api.cohere.ai:443 "POST /embed HTTP/1.1" 200 None
DEBUG:urllib3.connectionpool:https://api.cohere.ai:443 "POST /embed HTTP/1.1" 200 None
DEBUG:urllib3.connectionpool:https://api.cohere.ai:443 "POST /embed HTTP/1.1" 200 None
DEBUG:urllib3.connectionpool:Starting new HTTPS connection (1): api.cohere.ai:443
DEBUG:urllib3.connectionpool:https://api.cohere.ai:443 "POST /embed HTTP/1.1" 200 None
INFO:werkzeug: * Detected change in 'C:\\Python39\\Lib\\site-packages\\requests\\sessions.py', reloading
INFO:werkzeug: * Detected change in 'C:\\Python39\\Lib\\site-packages\\requests\\adapters.py', reloading
INFO:werkzeug: * Detected change in 'C:\\Python39\\Lib\\site-packages\\urllib3\\connectionpool.py', reloading
INFO:werkzeug: * Detected change in 'C:\\Python39\\Lib\\site-packages\\urllib3\\util\\retry.py', reloading
DEBUG:urllib3.connectionpool:https://api.cohere.ai:443 "POST /embed HTTP/1.1" 200 None
DEBUG:urllib3.connectionpool:Starting new HTTPS connection (1): api.cohere.ai:443
DEBUG:urllib3.connectionpool:Starting new HTTPS connection (1): api.cohere.ai:443
DEBUG:urllib3.connectionpool:Starting new HTTPS connection (1): api.cohere.ai:443
DEBUG:urllib3.connectionpool:Starting new HTTPS connection (1): api.cohere.ai:443
DEBUG:urllib3.connectionpool:Starting new HTTPS connection (1): api.cohere.ai:443
DEBUG:urllib3.connectionpool:Starting new HTTPS connection (1): api.cohere.ai:443
DEBUG:urllib3.connectionpool:https://api.cohere.ai:443 "POST /embed HTTP/1.1" 200 None
DEBUG:urllib3.connectionpool:https://api.cohere.ai:443 "POST /embed HTTP/1.1" 200 None
DEBUG:urllib3.connectionpool:Starting new HTTPS connection (1): api.cohere.ai:443
DEBUG:urllib3.connectionpool:Starting new HTTPS connection (1): api.cohere.ai:443
DEBUG:urllib3.connectionpool:https://api.cohere.ai:443 "POST /embed HTTP/1.1" 200 None
DEBUG:urllib3.connectionpool:https://api.cohere.ai:443 "POST /embed HTTP/1.1" 200 None
DEBUG:urllib3.connectionpool:https://api.cohere.ai:443 "POST /embed HTTP/1.1" 200 None
DEBUG:urllib3.connectionpool:https://api.cohere.ai:443 "POST /embed HTTP/1.1" 200 None
DEBUG:urllib3.connectionpool:https://api.cohere.ai:443 "POST /embed HTTP/1.1" 200 None
DEBUG:urllib3.connectionpool:https://api.cohere.ai:443 "POST /embed HTTP/1.1" 200 None
DEBUG:urllib3.connectionpool:Starting new HTTPS connection (1): api.cohere.ai:443
DEBUG:urllib3.connectionpool:Starting new HTTPS connection (1): api.cohere.ai:443
DEBUG:urllib3.connectionpool:Starting new HTTPS connection (1): api.cohere.ai:443
DEBUG:urllib3.connectionpool:Starting new HTTPS connection (1): api.cohere.ai:443
DEBUG:urllib3.connectionpool:https://api.cohere.ai:443 "POST /embed HTTP/1.1" 200 None
DEBUG:urllib3.connectionpool:https://api.cohere.ai:443 "POST /embed HTTP/1.1" 200 None
DEBUG:urllib3.connectionpool:Starting new HTTPS connection (1): api.cohere.ai:443
DEBUG:urllib3.connectionpool:https://api.cohere.ai:443 "POST /embed HTTP/1.1" 200 None
DEBUG:urllib3.connectionpool:Starting new HTTPS connection (1): api.cohere.ai:443
DEBUG:urllib3.connectionpool:Starting new HTTPS connection (1): api.cohere.ai:443
DEBUG:urllib3.connectionpool:https://api.cohere.ai:443 "POST /embed HTTP/1.1" 200 None
DEBUG:urllib3.connectionpool:Starting new HTTPS connection (1): api.cohere.ai:443
DEBUG:urllib3.connectionpool:Starting new HTTPS connection (1): api.cohere.ai:443
DEBUG:urllib3.connectionpool:Starting new HTTPS connection (1): api.cohere.ai:443
DEBUG:urllib3.connectionpool:https://api.cohere.ai:443 "POST /embed HTTP/1.1" 200 None
DEBUG:urllib3.connectionpool:https://api.cohere.ai:443 "POST /embed HTTP/1.1" 200 None
DEBUG:urllib3.connectionpool:Starting new HTTPS connection (1): api.cohere.ai:443
DEBUG:urllib3.connectionpool:Starting new HTTPS connection (1): api.cohere.ai:443
DEBUG:urllib3.connectionpool:https://api.cohere.ai:443 "POST /embed HTTP/1.1" 200 None
DEBUG:urllib3.connectionpool:https://api.cohere.ai:443 "POST /embed HTTP/1.1" 200 None
DEBUG:urllib3.connectionpool:Starting new HTTPS connection (1): api.cohere.ai:443
DEBUG:urllib3.connectionpool:Starting new HTTPS connection (1): api.cohere.ai:443
DEBUG:urllib3.connectionpool:https://api.cohere.ai:443 "POST /embed HTTP/1.1" 200 None
DEBUG:urllib3.connectionpool:https://api.cohere.ai:443 "POST /embed HTTP/1.1" 200 None
DEBUG:urllib3.connectionpool:https://api.cohere.ai:443 "POST /embed HTTP/1.1" 200 None
DEBUG:urllib3.connectionpool:https://api.cohere.ai:443 "POST /embed HTTP/1.1" 200 None
INFO:werkzeug: * Restarting with watchdog (windowsapi)
WARNING:werkzeug: * Debugger is active!
INFO:werkzeug: * Debugger PIN: 458-566-380
INFO:werkzeug: * Detected change in 'C:\\Python39\\Lib\\site-packages\\cohere\\generation.py', reloading
INFO:werkzeug: * Restarting with watchdog (windowsapi)
WARNING:werkzeug: * Debugger is active!
INFO:werkzeug: * Debugger PIN: 458-566-380
INFO:werkzeug: * Detected change in 'C:\\Python39\\Lib\\site-packages\\sklearn\\svm\\_base.py', reloading
INFO:werkzeug: * Restarting with watchdog (windowsapi)
WARNING:werkzeug: * Debugger is active!
INFO:werkzeug: * Debugger PIN: 458-566-380
INFO:werkzeug: * Detected change in 'C:\\Python39\\Lib\\site-packages\\urllib3\\packages\\six.py', reloading
INFO:werkzeug: * Detected change in 'C:\\Python39\\Lib\\http\\client.py', reloading
INFO:werkzeug: * Restarting with watchdog (windowsapi)
WARNING:werkzeug: * Debugger is active!
INFO:werkzeug: * Debugger PIN: 458-566-380
INFO:werkzeug:[31m[1mWARNING: This is a development server. Do not use it in a production deployment. Use a production WSGI server instead.[0m
 * Running on all addresses (0.0.0.0)
 * Running on http://127.0.0.1:33507
 * Running on http://192.168.206.228:33507
INFO:werkzeug:[33mPress CTRL+C to quit[0m
INFO:werkzeug: * Restarting with watchdog (windowsapi)
WARNING:werkzeug: * Debugger is active!
INFO:werkzeug: * Debugger PIN: 458-566-380
DEBUG:urllib3.connectionpool:Starting new HTTPS connection (1): api.cohere.ai:443
DEBUG:urllib3.connectionpool:https://api.cohere.ai:443 "POST /check-api-key HTTP/1.1" 200 14
DEBUG:urllib3.connectionpool:Starting new HTTPS connection (1): api.cohere.ai:443
DEBUG:urllib3.connectionpool:https://api.cohere.ai:443 "POST /embed HTTP/1.1" 200 None
DEBUG:urllib3.connectionpool:Starting new HTTPS connection (1): api.cohere.ai:443
DEBUG:urllib3.connectionpool:https://api.cohere.ai:443 "POST /embed HTTP/1.1" 200 None
INFO:werkzeug:127.0.0.1 - - [17/Sep/2022 15:38:16] "[35m[1mPOST /bnewscore HTTP/1.1[0m" 500 -
INFO:werkzeug: * Detected change in 'C:\\Users\\User\\Desktop\\Prompt-Engineering\\scripts\\news_score_api.py', reloading
INFO:werkzeug: * Detected change in 'C:\\Users\\User\\Desktop\\Prompt-Engineering\\scripts\\news_score_api.py', reloading
INFO:werkzeug: * Detected change in 'C:\\Users\\User\\Desktop\\Prompt-Engineering\\scripts\\news_score_api.py', reloading
INFO:werkzeug: * Detected change in 'C:\\Users\\User\\Desktop\\Prompt-Engineering\\scripts\\news_score_api.py', reloading
INFO:werkzeug: * Restarting with watchdog (windowsapi)
WARNING:werkzeug: * Debugger is active!
INFO:werkzeug: * Debugger PIN: 458-566-380
DEBUG:urllib3.connectionpool:Starting new HTTPS connection (1): api.cohere.ai:443
DEBUG:urllib3.connectionpool:https://api.cohere.ai:443 "POST /check-api-key HTTP/1.1" 200 14
DEBUG:urllib3.connectionpool:Starting new HTTPS connection (1): api.cohere.ai:443
DEBUG:urllib3.connectionpool:https://api.cohere.ai:443 "POST /embed HTTP/1.1" 200 None
DEBUG:urllib3.connectionpool:Starting new HTTPS connection (1): api.cohere.ai:443
DEBUG:urllib3.connectionpool:https://api.cohere.ai:443 "POST /embed HTTP/1.1" 200 None
INFO:werkzeug:127.0.0.1 - - [17/Sep/2022 15:40:50] "[35m[1mPOST /bnewscore HTTP/1.1[0m" 500 -
INFO:werkzeug: * Detected change in 'C:\\Python39\\Lib\\site-packages\\werkzeug\\routing\\__init__.py', reloading
INFO:werkzeug: * Detected change in 'C:\\Python39\\Lib\\site-packages\\werkzeug\\routing\\map.py', reloading
INFO:werkzeug: * Detected change in 'C:\\Python39\\Lib\\site-packages\\werkzeug\\routing\\rules.py', reloading
INFO:werkzeug: * Detected change in 'C:\\Python39\\Lib\\site-packages\\werkzeug\\routing\\converters.py', reloading
INFO:werkzeug: * Detected change in 'C:\\Python39\\Lib\\site-packages\\flask\\json\\provider.py', reloading
INFO:werkzeug: * Detected change in 'C:\\Python39\\Lib\\site-packages\\werkzeug\\exceptions.py', reloading
INFO:werkzeug: * Restarting with watchdog (windowsapi)
WARNING:werkzeug: * Debugger is active!
INFO:werkzeug: * Debugger PIN: 458-566-380
DEBUG:urllib3.connectionpool:Starting new HTTPS connection (1): api.cohere.ai:443
INFO:werkzeug:127.0.0.1 - - [17/Sep/2022 15:45:14] "[35m[1mPOST /bnewscore HTTP/1.1[0m" 500 -
DEBUG:urllib3.connectionpool:Starting new HTTPS connection (1): api.cohere.ai:443
DEBUG:urllib3.connectionpool:https://api.cohere.ai:443 "POST /check-api-key HTTP/1.1" 200 14
DEBUG:urllib3.connectionpool:Starting new HTTPS connection (1): api.cohere.ai:443
DEBUG:urllib3.connectionpool:https://api.cohere.ai:443 "POST /embed HTTP/1.1" 200 None
DEBUG:urllib3.connectionpool:Starting new HTTPS connection (1): api.cohere.ai:443
DEBUG:urllib3.connectionpool:https://api.cohere.ai:443 "POST /embed HTTP/1.1" 200 None
INFO:werkzeug:127.0.0.1 - - [17/Sep/2022 15:48:56] "[35m[1mPOST /bnewscore HTTP/1.1[0m" 500 -
INFO:werkzeug: * Detected change in 'C:\\Users\\User\\Desktop\\Prompt-Engineering\\scripts\\news_score_api.py', reloading
INFO:werkzeug: * Detected change in 'C:\\Users\\User\\Desktop\\Prompt-Engineering\\scripts\\news_score_api.py', reloading
INFO:werkzeug: * Detected change in 'C:\\Users\\User\\Desktop\\Prompt-Engineering\\scripts\\news_score_api.py', reloading
INFO:werkzeug: * Detected change in 'C:\\Users\\User\\Desktop\\Prompt-Engineering\\scripts\\news_score_api.py', reloading
INFO:werkzeug: * Detected change in 'C:\\Users\\User\\Desktop\\Prompt-Engineering\\scripts\\news_score_api.py', reloading
INFO:werkzeug: * Detected change in 'C:\\Users\\User\\Desktop\\Prompt-Engineering\\scripts\\news_score_api.py', reloading
INFO:werkzeug: * Restarting with watchdog (windowsapi)
WARNING:werkzeug: * Debugger is active!
INFO:werkzeug: * Debugger PIN: 458-566-380
DEBUG:urllib3.connectionpool:Starting new HTTPS connection (1): api.cohere.ai:443
DEBUG:urllib3.connectionpool:https://api.cohere.ai:443 "POST /check-api-key HTTP/1.1" 200 14
DEBUG:urllib3.connectionpool:Starting new HTTPS connection (1): api.cohere.ai:443
DEBUG:urllib3.connectionpool:https://api.cohere.ai:443 "POST /embed HTTP/1.1" 200 None
DEBUG:urllib3.connectionpool:Starting new HTTPS connection (1): api.cohere.ai:443
DEBUG:urllib3.connectionpool:https://api.cohere.ai:443 "POST /embed HTTP/1.1" 200 None
DEBUG:urllib3.connectionpool:Starting new HTTPS connection (1): api.cohere.ai:443
DEBUG:urllib3.connectionpool:https://api.cohere.ai:443 "POST /embed HTTP/1.1" 200 None
INFO:werkzeug:127.0.0.1 - - [17/Sep/2022 15:50:14] "POST /bnewscore HTTP/1.1" 200 -
DEBUG:urllib3.connectionpool:Starting new HTTPS connection (1): api.cohere.ai:443
DEBUG:urllib3.connectionpool:https://api.cohere.ai:443 "POST /check-api-key HTTP/1.1" 200 14
DEBUG:urllib3.connectionpool:Starting new HTTPS connection (1): api.cohere.ai:443
DEBUG:urllib3.connectionpool:https://api.cohere.ai:443 "POST /embed HTTP/1.1" 200 None
DEBUG:urllib3.connectionpool:Starting new HTTPS connection (1): api.cohere.ai:443
DEBUG:urllib3.connectionpool:https://api.cohere.ai:443 "POST /embed HTTP/1.1" 200 None
DEBUG:urllib3.connectionpool:Starting new HTTPS connection (1): api.cohere.ai:443
DEBUG:urllib3.connectionpool:https://api.cohere.ai:443 "POST /embed HTTP/1.1" 200 None
INFO:werkzeug:127.0.0.1 - - [17/Sep/2022 15:51:05] "POST /bnewscore HTTP/1.1" 200 -
DEBUG:urllib3.connectionpool:Starting new HTTPS connection (1): api.cohere.ai:443
DEBUG:urllib3.connectionpool:https://api.cohere.ai:443 "POST /check-api-key HTTP/1.1" 200 14
DEBUG:urllib3.connectionpool:Starting new HTTPS connection (1): api.cohere.ai:443
DEBUG:urllib3.connectionpool:https://api.cohere.ai:443 "POST /embed HTTP/1.1" 200 None
DEBUG:urllib3.connectionpool:Starting new HTTPS connection (1): api.cohere.ai:443
DEBUG:urllib3.connectionpool:https://api.cohere.ai:443 "POST /embed HTTP/1.1" 200 None
DEBUG:urllib3.connectionpool:Starting new HTTPS connection (1): api.cohere.ai:443
DEBUG:urllib3.connectionpool:https://api.cohere.ai:443 "POST /embed HTTP/1.1" 200 None
INFO:werkzeug:127.0.0.1 - - [17/Sep/2022 15:51:26] "POST /bnewscore HTTP/1.1" 200 -
INFO:werkzeug: * Detected change in 'C:\\Users\\User\\Desktop\\Prompt-Engineering\\scripts\\news_score_api.py', reloading
INFO:werkzeug: * Detected change in 'C:\\Users\\User\\Desktop\\Prompt-Engineering\\scripts\\news_score_api.py', reloading
INFO:werkzeug: * Detected change in 'C:\\Users\\User\\Desktop\\Prompt-Engineering\\scripts\\news_score_api.py', reloading
INFO:werkzeug: * Detected change in 'C:\\Users\\User\\Desktop\\Prompt-Engineering\\scripts\\news_score_api.py', reloading
INFO:werkzeug: * Detected change in 'C:\\Users\\User\\Desktop\\Prompt-Engineering\\scripts\\news_score_api.py', reloading
INFO:werkzeug: * Detected change in 'C:\\Users\\User\\Desktop\\Prompt-Engineering\\scripts\\news_score_api.py', reloading
INFO:werkzeug: * Restarting with watchdog (windowsapi)
WARNING:werkzeug: * Debugger is active!
INFO:werkzeug: * Debugger PIN: 458-566-380
DEBUG:urllib3.connectionpool:Starting new HTTPS connection (1): api.cohere.ai:443
DEBUG:urllib3.connectionpool:https://api.cohere.ai:443 "POST /check-api-key HTTP/1.1" 200 14
DEBUG:urllib3.connectionpool:Starting new HTTPS connection (1): api.cohere.ai:443
DEBUG:urllib3.connectionpool:https://api.cohere.ai:443 "POST /embed HTTP/1.1" 200 None
DEBUG:urllib3.connectionpool:Starting new HTTPS connection (1): api.cohere.ai:443
DEBUG:urllib3.connectionpool:https://api.cohere.ai:443 "POST /embed HTTP/1.1" 200 None
DEBUG:urllib3.connectionpool:Starting new HTTPS connection (1): api.cohere.ai:443
DEBUG:urllib3.connectionpool:https://api.cohere.ai:443 "POST /embed HTTP/1.1" 200 None
INFO:werkzeug:127.0.0.1 - - [17/Sep/2022 15:52:45] "POST /bnewscore HTTP/1.1" 200 -
DEBUG:urllib3.connectionpool:Starting new HTTPS connection (1): api.cohere.ai:443
DEBUG:urllib3.connectionpool:https://api.cohere.ai:443 "POST /check-api-key HTTP/1.1" 200 14
DEBUG:urllib3.connectionpool:Starting new HTTPS connection (1): api.cohere.ai:443
DEBUG:urllib3.connectionpool:https://api.cohere.ai:443 "POST /embed HTTP/1.1" 200 None
DEBUG:urllib3.connectionpool:Starting new HTTPS connection (1): api.cohere.ai:443
DEBUG:urllib3.connectionpool:https://api.cohere.ai:443 "POST /embed HTTP/1.1" 200 None
DEBUG:urllib3.connectionpool:Starting new HTTPS connection (1): api.cohere.ai:443
DEBUG:urllib3.connectionpool:https://api.cohere.ai:443 "POST /embed HTTP/1.1" 200 None
INFO:werkzeug:127.0.0.1 - - [17/Sep/2022 15:56:34] "POST /bnewscore HTTP/1.1" 200 -
DEBUG:urllib3.connectionpool:Starting new HTTPS connection (1): api.cohere.ai:443
DEBUG:urllib3.connectionpool:https://api.cohere.ai:443 "POST /check-api-key HTTP/1.1" 200 14
DEBUG:urllib3.connectionpool:Starting new HTTPS connection (1): api.cohere.ai:443
DEBUG:urllib3.connectionpool:https://api.cohere.ai:443 "POST /embed HTTP/1.1" 200 None
DEBUG:urllib3.connectionpool:Starting new HTTPS connection (1): api.cohere.ai:443
DEBUG:urllib3.connectionpool:https://api.cohere.ai:443 "POST /embed HTTP/1.1" 200 None
DEBUG:urllib3.connectionpool:Starting new HTTPS connection (1): api.cohere.ai:443
DEBUG:urllib3.connectionpool:https://api.cohere.ai:443 "POST /embed HTTP/1.1" 200 None
INFO:werkzeug:127.0.0.1 - - [17/Sep/2022 15:56:49] "POST /bnewscore HTTP/1.1" 200 -
DEBUG:urllib3.connectionpool:Starting new HTTPS connection (1): api.cohere.ai:443
DEBUG:urllib3.connectionpool:https://api.cohere.ai:443 "POST /check-api-key HTTP/1.1" 200 14
DEBUG:urllib3.connectionpool:Starting new HTTPS connection (1): api.cohere.ai:443
DEBUG:urllib3.connectionpool:https://api.cohere.ai:443 "POST /embed HTTP/1.1" 200 None
DEBUG:urllib3.connectionpool:Starting new HTTPS connection (1): api.cohere.ai:443
DEBUG:urllib3.connectionpool:https://api.cohere.ai:443 "POST /embed HTTP/1.1" 200 None
DEBUG:urllib3.connectionpool:Starting new HTTPS connection (1): api.cohere.ai:443
DEBUG:urllib3.connectionpool:https://api.cohere.ai:443 "POST /embed HTTP/1.1" 200 None
INFO:werkzeug:127.0.0.1 - - [17/Sep/2022 15:56:57] "POST /bnewscore HTTP/1.1" 200 -
DEBUG:urllib3.connectionpool:Starting new HTTPS connection (1): api.cohere.ai:443
DEBUG:urllib3.connectionpool:https://api.cohere.ai:443 "POST /check-api-key HTTP/1.1" 200 14
DEBUG:urllib3.connectionpool:Starting new HTTPS connection (1): api.cohere.ai:443
DEBUG:urllib3.connectionpool:https://api.cohere.ai:443 "POST /embed HTTP/1.1" 402 135
INFO:werkzeug:127.0.0.1 - - [17/Sep/2022 15:58:40] "[35m[1mPOST /bnewscore HTTP/1.1[0m" 500 -
DEBUG:urllib3.connectionpool:Starting new HTTPS connection (1): api.cohere.ai:443
DEBUG:urllib3.connectionpool:https://api.cohere.ai:443 "POST /check-api-key HTTP/1.1" 200 14
DEBUG:urllib3.connectionpool:Starting new HTTPS connection (1): api.cohere.ai:443
DEBUG:urllib3.connectionpool:https://api.cohere.ai:443 "POST /embed HTTP/1.1" 402 135
INFO:werkzeug:127.0.0.1 - - [17/Sep/2022 15:59:34] "[35m[1mPOST /bnewscore HTTP/1.1[0m" 500 -
INFO:werkzeug: * Detected change in 'C:\\Users\\User\\Desktop\\Prompt-Engineering\\scripts\\news_score_api.py', reloading
INFO:werkzeug: * Detected change in 'C:\\Users\\User\\Desktop\\Prompt-Engineering\\scripts\\news_score_api.py', reloading
INFO:werkzeug: * Detected change in 'C:\\Users\\User\\Desktop\\Prompt-Engineering\\scripts\\news_score_api.py', reloading
INFO:werkzeug: * Detected change in 'C:\\Users\\User\\Desktop\\Prompt-Engineering\\scripts\\news_score_api.py', reloading
INFO:werkzeug: * Detected change in 'C:\\Users\\User\\Desktop\\Prompt-Engineering\\scripts\\news_score_api.py', reloading
INFO:werkzeug: * Detected change in 'C:\\Users\\User\\Desktop\\Prompt-Engineering\\scripts\\news_score_api.py', reloading
INFO:werkzeug: * Restarting with watchdog (windowsapi)
WARNING:werkzeug: * Debugger is active!
INFO:werkzeug: * Debugger PIN: 458-566-380
INFO:numexpr.utils:NumExpr defaulting to 4 threads.
DEBUG:urllib3.connectionpool:Starting new HTTPS connection (1): api.cohere.ai:443
DEBUG:urllib3.connectionpool:https://api.cohere.ai:443 "POST /check-api-key HTTP/1.1" 200 14
DEBUG:urllib3.connectionpool:Starting new HTTPS connection (1): api.cohere.ai:443
DEBUG:urllib3.connectionpool:https://api.cohere.ai:443 "POST /generate HTTP/1.1" 200 None
DEBUG:urllib3.connectionpool:Starting new HTTPS connection (1): api.cohere.ai:443
DEBUG:urllib3.connectionpool:https://api.cohere.ai:443 "POST /check-api-key HTTP/1.1" 200 14
DEBUG:urllib3.connectionpool:Starting new HTTPS connection (1): api.cohere.ai:443
DEBUG:urllib3.connectionpool:https://api.cohere.ai:443 "POST /generate HTTP/1.1" 200 None
DEBUG:urllib3.connectionpool:Starting new HTTPS connection (1): api.cohere.ai:443
DEBUG:urllib3.connectionpool:https://api.cohere.ai:443 "POST /check-api-key HTTP/1.1" 200 14
DEBUG:urllib3.connectionpool:Starting new HTTPS connection (1): api.cohere.ai:443
DEBUG:urllib3.connectionpool:https://api.cohere.ai:443 "POST /generate HTTP/1.1" 200 None
DEBUG:urllib3.connectionpool:Starting new HTTPS connection (1): api.cohere.ai:443
DEBUG:urllib3.connectionpool:https://api.cohere.ai:443 "POST /check-api-key HTTP/1.1" 200 14
DEBUG:urllib3.connectionpool:Starting new HTTPS connection (1): api.cohere.ai:443
DEBUG:urllib3.connectionpool:https://api.cohere.ai:443 "POST /generate HTTP/1.1" 400 171
DEBUG:urllib3.connectionpool:Starting new HTTPS connection (1): api.cohere.ai:443
DEBUG:urllib3.connectionpool:https://api.cohere.ai:443 "POST /check-api-key HTTP/1.1" 200 14
DEBUG:urllib3.connectionpool:Starting new HTTPS connection (1): api.cohere.ai:443
DEBUG:urllib3.connectionpool:https://api.cohere.ai:443 "POST /generate HTTP/1.1" 200 None
DEBUG:urllib3.connectionpool:Starting new HTTPS connection (1): api.cohere.ai:443
DEBUG:urllib3.connectionpool:https://api.cohere.ai:443 "POST /check-api-key HTTP/1.1" 200 14
DEBUG:urllib3.connectionpool:Starting new HTTPS connection (1): api.cohere.ai:443
DEBUG:urllib3.connectionpool:https://api.cohere.ai:443 "POST /generate HTTP/1.1" 200 None
DEBUG:urllib3.connectionpool:Starting new HTTPS connection (1): api.cohere.ai:443
DEBUG:urllib3.connectionpool:https://api.cohere.ai:443 "POST /check-api-key HTTP/1.1" 200 14
DEBUG:urllib3.connectionpool:Starting new HTTPS connection (1): api.cohere.ai:443
DEBUG:urllib3.connectionpool:https://api.cohere.ai:443 "POST /generate HTTP/1.1" 200 None
DEBUG:urllib3.connectionpool:Starting new HTTPS connection (1): api.cohere.ai:443
DEBUG:urllib3.connectionpool:https://api.cohere.ai:443 "POST /check-api-key HTTP/1.1" 200 14
DEBUG:urllib3.connectionpool:Starting new HTTPS connection (1): api.cohere.ai:443
DEBUG:urllib3.connectionpool:https://api.cohere.ai:443 "POST /generate HTTP/1.1" 400 171
DEBUG:urllib3.connectionpool:Starting new HTTPS connection (1): api.cohere.ai:443
DEBUG:urllib3.connectionpool:https://api.cohere.ai:443 "POST /check-api-key HTTP/1.1" 200 14
DEBUG:urllib3.connectionpool:Starting new HTTPS connection (1): api.cohere.ai:443
DEBUG:urllib3.connectionpool:https://api.cohere.ai:443 "POST /generate HTTP/1.1" 200 None
DEBUG:urllib3.connectionpool:Starting new HTTPS connection (1): api.cohere.ai:443
DEBUG:urllib3.connectionpool:https://api.cohere.ai:443 "POST /check-api-key HTTP/1.1" 200 14
DEBUG:urllib3.connectionpool:Starting new HTTPS connection (1): api.cohere.ai:443
DEBUG:urllib3.connectionpool:https://api.cohere.ai:443 "POST /generate HTTP/1.1" 200 None
DEBUG:urllib3.connectionpool:Starting new HTTPS connection (1): api.cohere.ai:443
DEBUG:urllib3.connectionpool:https://api.cohere.ai:443 "POST /check-api-key HTTP/1.1" 200 14
DEBUG:urllib3.connectionpool:Starting new HTTPS connection (1): api.cohere.ai:443
DEBUG:urllib3.connectionpool:https://api.cohere.ai:443 "POST /generate HTTP/1.1" 200 None
DEBUG:urllib3.connectionpool:Starting new HTTPS connection (1): api.cohere.ai:443
DEBUG:urllib3.connectionpool:https://api.cohere.ai:443 "POST /check-api-key HTTP/1.1" 200 14
DEBUG:urllib3.connectionpool:Starting new HTTPS connection (1): api.cohere.ai:443
DEBUG:urllib3.connectionpool:https://api.cohere.ai:443 "POST /generate HTTP/1.1" 200 None
DEBUG:urllib3.connectionpool:Starting new HTTPS connection (1): api.cohere.ai:443
DEBUG:urllib3.connectionpool:https://api.cohere.ai:443 "POST /check-api-key HTTP/1.1" 200 14
DEBUG:urllib3.connectionpool:Starting new HTTPS connection (1): api.cohere.ai:443
DEBUG:urllib3.connectionpool:https://api.cohere.ai:443 "POST /generate HTTP/1.1" 200 None
DEBUG:urllib3.connectionpool:Starting new HTTPS connection (1): api.cohere.ai:443
DEBUG:urllib3.connectionpool:https://api.cohere.ai:443 "POST /check-api-key HTTP/1.1" 200 14
DEBUG:urllib3.connectionpool:Starting new HTTPS connection (1): api.cohere.ai:443
DEBUG:urllib3.connectionpool:https://api.cohere.ai:443 "POST /generate HTTP/1.1" 200 None
DEBUG:urllib3.connectionpool:Starting new HTTPS connection (1): api.cohere.ai:443
DEBUG:urllib3.connectionpool:https://api.cohere.ai:443 "POST /check-api-key HTTP/1.1" 200 14
DEBUG:urllib3.connectionpool:Starting new HTTPS connection (1): api.cohere.ai:443
DEBUG:urllib3.connectionpool:https://api.cohere.ai:443 "POST /generate HTTP/1.1" 200 None
DEBUG:urllib3.connectionpool:Starting new HTTPS connection (1): api.cohere.ai:443
DEBUG:urllib3.connectionpool:https://api.cohere.ai:443 "POST /check-api-key HTTP/1.1" 200 14
DEBUG:urllib3.connectionpool:Starting new HTTPS connection (1): api.cohere.ai:443
DEBUG:urllib3.connectionpool:https://api.cohere.ai:443 "POST /generate HTTP/1.1" 200 None
DEBUG:git.cmd:Popen(['git', 'version'], cwd=c:\Users\User\Desktop\Prompt-Engineering\notebooks, universal_newlines=False, shell=None, istream=None)
DEBUG:git.cmd:Popen(['git', 'version'], cwd=c:\Users\User\Desktop\Prompt-Engineering\notebooks, universal_newlines=False, shell=None, istream=None)
DEBUG:git.util:Failed checking if running in CYGWIN due to: FileNotFoundError(2, 'The system cannot find the file specified', None, 2, None)
INFO:numexpr.utils:NumExpr defaulting to 4 threads.
DEBUG:git.cmd:Popen(['git', 'version'], cwd=c:\Users\User\Desktop\Prompt-Engineering\notebooks, universal_newlines=False, shell=None, istream=None)
DEBUG:git.cmd:Popen(['git', 'version'], cwd=c:\Users\User\Desktop\Prompt-Engineering\notebooks, universal_newlines=False, shell=None, istream=None)
DEBUG:git.util:Failed checking if running in CYGWIN due to: FileNotFoundError(2, 'The system cannot find the file specified', None, 2, None)
INFO:numexpr.utils:NumExpr defaulting to 4 threads.
DEBUG:git.cmd:Popen(['git', 'version'], cwd=c:\Users\User\Desktop\Prompt-Engineering\notebooks, universal_newlines=False, shell=None, istream=None)
DEBUG:git.cmd:Popen(['git', 'version'], cwd=c:\Users\User\Desktop\Prompt-Engineering\notebooks, universal_newlines=False, shell=None, istream=None)
DEBUG:git.util:Failed checking if running in CYGWIN due to: FileNotFoundError(2, 'The system cannot find the file specified', None, 2, None)
DEBUG:urllib3.connectionpool:Starting new HTTPS connection (1): api.cohere.ai:443
DEBUG:urllib3.connectionpool:https://api.cohere.ai:443 "POST /check-api-key HTTP/1.1" 200 14
DEBUG:urllib3.connectionpool:Starting new HTTPS connection (1): api.cohere.ai:443
DEBUG:urllib3.connectionpool:https://api.cohere.ai:443 "POST /embed HTTP/1.1" 200 None
DEBUG:urllib3.connectionpool:Starting new HTTPS connection (1): api.cohere.ai:443
DEBUG:urllib3.connectionpool:https://api.cohere.ai:443 "POST /embed HTTP/1.1" 200 None
DEBUG:urllib3.connectionpool:Starting new HTTPS connection (1): api.cohere.ai:443
DEBUG:urllib3.connectionpool:https://api.cohere.ai:443 "POST /embed HTTP/1.1" 200 None
DEBUG:urllib3.connectionpool:Starting new HTTPS connection (1): api.cohere.ai:443
DEBUG:urllib3.connectionpool:https://api.cohere.ai:443 "POST /check-api-key HTTP/1.1" 200 14
DEBUG:urllib3.connectionpool:Starting new HTTPS connection (1): api.cohere.ai:443
DEBUG:urllib3.connectionpool:https://api.cohere.ai:443 "POST /embed HTTP/1.1" 200 None
DEBUG:urllib3.connectionpool:Starting new HTTPS connection (1): api.cohere.ai:443
DEBUG:urllib3.connectionpool:https://api.cohere.ai:443 "POST /embed HTTP/1.1" 200 None
DEBUG:urllib3.connectionpool:Starting new HTTPS connection (1): api.cohere.ai:443
DEBUG:urllib3.connectionpool:https://api.cohere.ai:443 "POST /embed HTTP/1.1" 200 None
